#
# A fatal error has been detected by the Java Runtime Environment:
#
#  SIGSEGV (0xb) at pc=0x00007f9caa4f3767, pid=966, tid=976
#
# JRE version: OpenJDK Runtime Environment Temurin-17.0.8.1+1 (17.0.8.1+1) (build 17.0.8.1+1)
# Java VM: OpenJDK 64-Bit Server VM Temurin-17.0.8.1+1 (17.0.8.1+1, mixed mode, tiered, compressed oops, compressed class ptrs, parallel gc, linux-amd64)
# Problematic frame:
# V  [libjvm.so+0x832767]  java_lang_ClassLoader::non_reflection_class_loader(oopDesc*)+0x47
#
# No core dump will be written. Core dumps have been disabled. To enable core dumping, try "ulimit -c unlimited" before starting Java again
#
# If you would like to submit a bug report, please visit:
#   https://github.com/adoptium/adoptium-support/issues
#

---------------  S U M M A R Y ------------

Command Line: --add-modules=ALL-SYSTEM --add-opens=java.base/java.util=ALL-UNNAMED --add-opens=java.base/java.lang=ALL-UNNAMED --add-opens=java.base/sun.nio.fs=ALL-UNNAMED -Declipse.application=org.eclipse.jdt.ls.core.id1 -Dosgi.bundles.defaultStartLevel=4 -Declipse.product=org.eclipse.jdt.ls.core.product -Djava.import.generatesMetadataFilesAtProjectRoot=false -DDetectVMInstallationsJob.disabled=true -Dfile.encoding=utf8 -XX:+UseParallelGC -XX:GCTimeRatio=4 -XX:AdaptiveSizePolicyWeight=90 -Dsun.zip.disableMemoryMapping=true -Xmx1G -Xms100m -Xlog:disable -javaagent:/home/bibhu04/.vscode-server/extensions/redhat.java-1.23.0/lombok/lombok-1.18.30.jar -XX:+HeapDumpOnOutOfMemoryError -XX:HeapDumpPath=/home/bibhu04/.vscode-server/data/User/workspaceStorage/e80759c272936e0986383b1bf2cbdf90/redhat.java -Daether.dependencyCollector.impl=bf /home/bibhu04/.vscode-server/extensions/redhat.java-1.23.0/server/plugins/org.eclipse.equinox.launcher_1.6.500.v20230717-2134.jar -configuration /home/bibhu04/.vscode-server/data/User/globalStorage/redhat.java/1.23.0/config_linux -data /home/bibhu04/.vscode-server/data/User/workspaceStorage/e80759c272936e0986383b1bf2cbdf90/redhat.java/jdt_ws

Host: 11th Gen Intel(R) Core(TM) i7-1165G7 @ 2.80GHz, 8 cores, 7G, Debian GNU/Linux 12 (bookworm)
Time: Tue Oct 24 09:54:20 2023 IST elapsed time: 4.737711 seconds (0d 0h 0m 4s)

---------------  T H R E A D  ---------------

Current thread (0x00007f9ca4217280):  JavaThread "C1 CompilerThread0" daemon [_thread_in_vm, id=976, stack(0x00007f9c86e0e000,0x00007f9c86f0e000)]


Current CompileTask:
C1:   4737 3577       3       org.lombokweb.asm.MethodWriter::visitFieldInsn (258 bytes)

Stack: [0x00007f9c86e0e000,0x00007f9c86f0e000],  sp=0x00007f9c86f0bb00,  free space=1014k
Native frames: (J=compiled Java code, j=interpreted, Vv=VM code, C=native code)
V  [libjvm.so+0x832767]  java_lang_ClassLoader::non_reflection_class_loader(oopDesc*)+0x47
V  [libjvm.so+0xe1672e]  SystemDictionary::find_instance_klass(Symbol*, Handle, Handle)+0x1e
V  [libjvm.so+0xe174a8]  SystemDictionary::find_constrained_instance_or_array_klass(Thread*, Symbol*, Handle)+0x38
V  [libjvm.so+0x5467b3]  ciEnv::get_klass_by_name_impl(ciKlass*, constantPoolHandle const&, ciSymbol*, bool)+0x2c3
V  [libjvm.so+0x5465b0]  ciEnv::get_klass_by_name_impl(ciKlass*, constantPoolHandle const&, ciSymbol*, bool)+0xc0
V  [libjvm.so+0x546d31]  ciEnv::get_klass_by_index_impl(constantPoolHandle const&, int, bool&, ciInstanceKlass*)+0xd1
V  [libjvm.so+0x54bcbc]  ciField::ciField(ciInstanceKlass*, int)+0x26c
V  [libjvm.so+0x54705b]  ciEnv::get_field_by_index_impl(ciInstanceKlass*, int)+0x9b
V  [libjvm.so+0x5470f4]  ciEnv::get_field_by_index(ciInstanceKlass*, int)+0x84
V  [libjvm.so+0x565348]  ciBytecodeStream::get_field(bool&)+0x48
V  [libjvm.so+0x480166]  GraphBuilder::access_field(Bytecodes::Code)+0x26
V  [libjvm.so+0x48514b]  GraphBuilder::iterate_bytecodes_for_block(int)+0x5cb
V  [libjvm.so+0x48770d]  GraphBuilder::iterate_all_blocks(bool)+0x6d
V  [libjvm.so+0x489856]  GraphBuilder::GraphBuilder(Compilation*, IRScope*)+0x2e6
V  [libjvm.so+0x48ece2]  IRScope::IRScope(Compilation*, IRScope*, int, ciMethod*, int, bool)+0x1a2
V  [libjvm.so+0x48eda3]  IR::IR(Compilation*, ciMethod*, int)+0xa3
V  [libjvm.so+0x468d03]  Compilation::build_hir() [clone .part.0]+0x163
V  [libjvm.so+0x46a9dc]  Compilation::compile_java_method()+0x3bc
V  [libjvm.so+0x46ab4a]  Compilation::compile_method()+0x10a
V  [libjvm.so+0x46af23]  Compilation::Compilation(AbstractCompiler*, ciEnv*, ciMethod*, int, BufferBlob*, bool, DirectiveSet*)+0x203
V  [libjvm.so+0x46b980]  Compiler::compile_method(ciEnv*, ciMethod*, int, bool, DirectiveSet*)+0xb0
V  [libjvm.so+0x5df632]  CompileBroker::invoke_compiler_on_method(CompileTask*)+0xef2
V  [libjvm.so+0x5e0448]  CompileBroker::compiler_thread_loop()+0x678
V  [libjvm.so+0xe65584]  JavaThread::thread_main_inner()+0x184
V  [libjvm.so+0xe68d40]  Thread::call_run()+0xc0
V  [libjvm.so+0xc1e681]  thread_native_entry(Thread*)+0xe1


siginfo: si_signo: 11 (SIGSEGV), si_code: 1 (SEGV_MAPERR), si_addr: 0x0000000000000040

Register to memory mapping:

RAX=0x00007f9caaf80320: <offset 0x00000000012bf320> in /home/bibhu04/.vscode-server/extensions/redhat.java-1.23.0/jre/17.0.8.1-linux-x86_64/lib/server/libjvm.so at 0x00007f9ca9cc1000
RBX=0x00007f9ca4217280 is a thread
RCX=0x0000000000000003 is an unknown value
RDX=0x0000000000000040 is an unknown value
RSP=0x00007f9c86f0bb00 is pointing into the stack for thread: 0x00007f9ca4217280
RBP=0x00007f9c86f0bb10 is pointing into the stack for thread: 0x00007f9ca4217280
RSI=0x000000010004ade8 is a pointer to class: 
jdk.internal.reflect.DelegatingClassLoader {0x000000010004ade8}
 - instance size:     10
 - klass size:        95
 - access:            synchronized 
 - state:             fully_initialized
 - name:              'jdk/internal/reflect/DelegatingClassLoader'
 - super:             'java/lang/ClassLoader'
 - sub:               
 - arrays:            NULL
 - methods:           Array<T>(0x00007f9c88061040)
 - method ordering:   Array<T>(0x00007f9c88000018)
 - default_methods:   Array<T>(0x0000000000000000)
 - local interfaces:  Array<T>(0x00007f9c88000058)
 - trans. interfaces: Array<T>(0x00007f9c88000058)
 - constants:         constant pool [10] {0x00007f9c88060f80} for 'jdk/internal/reflect/DelegatingClassLoader' cache=0x00007f9c88981240
 - class loader data:  loader data: 0x00007f9ca4029d10 of 'bootstrap'
 - class annotations:       Array<T>(0x0000000000000000)
 - class type annotations:  Array<T>(0x0000000000000000)
 - field annotations:       Array<T>(0x0000000000000000)
 - field type annotations:  Array<T>(0x0000000000000000)
 - inner classes:     Array<T>(0x00007f9c88000028)
 - nest members:     Array<T>(0x00007f9c88000028)
 - permitted subclasses:     Array<T>(0x00007f9c88000028)
 - java mirror:       a 'java/lang/Class'{0x00000000c03584d8} = 'jdk/internal/reflect/DelegatingClassLoader'
 - vtable length      34  (start addr: 0x000000010004afb8)
 - itable length      2 (start addr: 0x000000010004b0c8)
 - ---- static fields (0 words):
 - ---- non-static fields (17 words):
 - private 'defaultAssertionStatus' 'Z' @12 
 - private final 'parent' 'Ljava/lang/ClassLoader;' @24 
 - private final 'name' 'Ljava/lang/String;' @28 
 - private final 'unnamedModule' 'Ljava/lang/Module;' @32 
 - private final 'nameAndId' 'Ljava/lang/String;' @36 
 - private final 'parallelLockMap' 'Ljava/util/concurrent/ConcurrentHashMap;' @40 
 - private final 'package2certs' 'Ljava/util/concurrent/ConcurrentHashMap;' @44 
 - private final 'classes' 'Ljava/util/ArrayList;' @48 
 - private final 'defaultDomain' 'Ljava/security/ProtectionDomain;' @52 
 - private final 'packages' 'Ljava/util/concurrent/ConcurrentHashMap;' @56 
 - private final 'libraries' 'Ljdk/internal/loader/NativeLibraries;' @60 
 - final 'assertionLock' 'Ljava/lang/Object;' @64 
 - private 'packageAssertionStatus' 'Ljava/util/Map;' @68 
 - 'classAssertionStatus' 'Ljava/util/Map;' @72 
 - private volatile 'classLoaderValueMap' 'Ljava/util/concurrent/ConcurrentHashMap;' @76 
 - non-static oop maps: 24-76 
RDI=0x0 is NULL
R8 =0x00007f9ca4025b20 points into unknown readable memory: 0x00007f9ca4217280 | 80 72 21 a4 9c 7f 00 00
R9 =0x00007f9c86f0bbb0 is pointing into the stack for thread: 0x00007f9ca4217280
R10=0x0 is NULL
R11=0x0000000000000246 is an unknown value
R12=
[error occurred during error reporting (printing register info), id 0xb, SIGSEGV (0xb) at pc=0x00007f9caa8fd6ac]

Registers:
RAX=0x00007f9caaf80320, RBX=0x00007f9ca4217280, RCX=0x0000000000000003, RDX=0x0000000000000040
RSP=0x00007f9c86f0bb00, RBP=0x00007f9c86f0bb10, RSI=0x000000010004ade8, RDI=0x0000000000000000
R8 =0x00007f9ca4025b20, R9 =0x00007f9c86f0bbb0, R10=0x0000000000000000, R11=0x0000000000000246
R12=0x00000000c00040f8, R13=0x00007f9ca455f3e0, R14=0x00007f9ca4217c80, R15=0x00007f9ca4217280
RIP=0x00007f9caa4f3767, EFLAGS=0x0000000000010246, CSGSFS=0x002b000000000033, ERR=0x0000000000000004
  TRAPNO=0x000000000000000e

Top of Stack: (sp=0x00007f9c86f0bb00)
0x00007f9c86f0bb00:   00007f9ca4217280 0000000000000000
0x00007f9c86f0bb10:   00007f9c86f0bb30 00007f9caaad772e
0x00007f9c86f0bb20:   00007f9ca455f3e0 00007f9ca43fa8c0
0x00007f9c86f0bb30:   00007f9c86f0bbb0 00007f9caaad84a8 

Instructions: (pc=0x00007f9caa4f3767)
0x00007f9caa4f3667:   65 f8 31 c0 c9 c3 0f 1f 00 e8 8b 39 22 00 84 c0
0x00007f9caa4f3677:   74 a7 4c 89 e7 48 63 35 e1 5c ad 00 ff 15 3f cb
0x00007f9caa4f3687:   a8 00 49 89 c4 eb 92 66 90 48 8b 7f 08 e9 73 ff
0x00007f9caa4f3697:   ff ff 90 66 0f 1f 44 00 00 48 85 ff 74 4b 48 8d
0x00007f9caa4f36a7:   05 54 e3 b0 00 48 8b b0 70 01 00 00 48 85 f6 74
0x00007f9caa4f36b7:   38 48 8d 05 86 3b ad 00 80 38 00 74 3c 48 8d 05
0x00007f9caa4f36c7:   55 cc a8 00 8b 7f 08 8b 48 08 48 d3 e7 48 03 38
0x00007f9caa4f36d7:   8b 46 14 48 89 c2 48 3b 34 07 74 2d 31 c0 83 fa
0x00007f9caa4f36e7:   20 74 0e c3 0f 1f 44 00 00 31 c0 c3 0f 1f 44 00
0x00007f9caa4f36f7:   00 e9 03 39 22 00 0f 1f 00 48 8b 7f 08 eb d1 66
0x00007f9caa4f3707:   2e 0f 1f 84 00 00 00 00 00 b8 01 00 00 00 c3 66
0x00007f9caa4f3717:   2e 0f 1f 84 00 00 00 00 00 55 48 89 e5 41 54 49
0x00007f9caa4f3727:   89 fc 48 83 ec 08 48 85 ff 74 40 48 8d 05 c7 e2
0x00007f9caa4f3737:   b0 00 48 8b b0 70 01 00 00 48 85 f6 74 2d 48 8d
0x00007f9caa4f3747:   05 f9 3a ad 00 80 38 00 74 4f 48 8d 05 c8 cb a8
0x00007f9caa4f3757:   00 8b 7f 08 8b 48 08 48 d3 e7 48 03 38 8b 56 14
0x00007f9caa4f3767:   48 3b 34 17 74 1c 83 fa 20 74 0e 4c 89 e0 4c 8b
0x00007f9caa4f3777:   65 f8 c9 c3 0f 1f 44 00 00 e8 7b 38 22 00 84 c0
0x00007f9caa4f3787:   74 e9 48 63 35 d4 5b ad 00 4c 89 e7 4c 8b 65 f8
0x00007f9caa4f3797:   c9 ff 25 2a ca a8 00 66 90 48 8b 7f 08 eb be 66
0x00007f9caa4f37a7:   2e 0f 1f 84 00 00 00 00 00 48 63 35 b1 5b ad 00
0x00007f9caa4f37b7:   ff 25 0b ca a8 00 90 66 90 8b 05 d6 5d ad 00 85
0x00007f9caa4f37c7:   c0 74 0e 0f b6 05 af e5 a8 00 c3 66 0f 1f 44 00
0x00007f9caa4f37d7:   00 48 8d 05 21 e2 b0 00 55 48 8b 40 30 48 89 e5
0x00007f9caa4f37e7:   48 8b 78 70 48 85 ff 74 30 ff 15 1a 88 a8 00 48
0x00007f9caa4f37f7:   63 0d 53 5b ad 00 48 63 15 48 5b ad 00 c7 05 8e
0x00007f9caa4f3807:   5d ad 00 01 00 00 00 5d 8b 34 02 39 34 01 0f 95
0x00007f9caa4f3817:   c0 88 05 62 e5 a8 00 c3 90 31 c0 eb d2 66 66 2e
0x00007f9caa4f3827:   0f 1f 84 00 00 00 00 00 90 48 8d 05 c9 e1 b0 00
0x00007f9caa4f3837:   55 48 8b 40 30 48 89 e5 48 8b 78 70 48 85 ff 74
0x00007f9caa4f3847:   09 ff 15 c2 87 a8 00 48 89 c7 48 63 35 fc 5a ad
0x00007f9caa4f3857:   00 ff 15 6a c9 a8 00 5d 48 85 c0 0f 95 c0 c3 66 


Stack slot to memory mapping:
stack at sp + 0 slots: 0x00007f9ca4217280 is a thread
stack at sp + 1 slots: 0x0 is NULL
stack at sp + 2 slots: 0x00007f9c86f0bb30 is pointing into the stack for thread: 0x00007f9ca4217280
stack at sp + 3 slots: 0x00007f9caaad772e: <offset 0x0000000000e1672e> in /home/bibhu04/.vscode-server/extensions/redhat.java-1.23.0/jre/17.0.8.1-linux-x86_64/lib/server/libjvm.so at 0x00007f9ca9cc1000
stack at sp + 4 slots: 0x00007f9ca455f3e0 points into unknown readable memory: 0x726f0017f22f0007 | 07 00 2f f2 17 00 6f 72
stack at sp + 5 slots: 0x00007f9ca43fa8c0 points into unknown readable memory: 0x00007f9caaecbdb8 | b8 bd ec aa 9c 7f 00 00
stack at sp + 6 slots: 0x00007f9c86f0bbb0 is pointing into the stack for thread: 0x00007f9ca4217280
stack at sp + 7 slots: 0x00007f9caaad84a8: <offset 0x0000000000e174a8> in /home/bibhu04/.vscode-server/extensions/redhat.java-1.23.0/jre/17.0.8.1-linux-x86_64/lib/server/libjvm.so at 0x00007f9ca9cc1000


---------------  P R O C E S S  ---------------

Threads class SMR info:
_java_thread_list=0x00007f9c2c673ae0, length=23, elements={
0x00007f9ca4027e60, 0x00007f9ca41e7680, 0x00007f9ca41e8c00, 0x00007f9ca420fed0,
0x00007f9ca42137c0, 0x00007f9ca4214760, 0x00007f9ca4215dc0, 0x00007f9ca4217280,
0x00007f9ca42206c0, 0x00007f9ca428e380, 0x00007f9ca4388460, 0x00007f9ca44873d0,
0x00007f9ca4588320, 0x00007f9ca45d2530, 0x00007f9ca45d5370, 0x00007f9c2c2f7c40,
0x00007f9c2c299320, 0x00007f9c2c4dbfb0, 0x00007f9c2c5a7010, 0x00007f9c602fdf70,
0x00007f9c602ff800, 0x00007f9c2c667c90, 0x00007f9c2c672bf0
}

Java Threads: ( => current thread )
  0x00007f9ca4027e60 JavaThread "" [_thread_blocked, id=967, stack(0x00007f9ca9add000,0x00007f9ca9bdd000)]
  0x00007f9ca41e7680 JavaThread "Reference Handler" daemon [_thread_blocked, id=970, stack(0x00007f9c876f7000,0x00007f9c877f7000)]
  0x00007f9ca41e8c00 JavaThread "Finalizer" daemon [_thread_blocked, id=971, stack(0x00007f9c875f7000,0x00007f9c876f7000)]
  0x00007f9ca420fed0 JavaThread "Signal Dispatcher" daemon [_thread_blocked, id=972, stack(0x00007f9c8720e000,0x00007f9c8730e000)]
  0x00007f9ca42137c0 JavaThread "Service Thread" daemon [_thread_blocked, id=973, stack(0x00007f9c8710e000,0x00007f9c8720e000)]
  0x00007f9ca4214760 JavaThread "Monitor Deflation Thread" daemon [_thread_blocked, id=974, stack(0x00007f9c8700e000,0x00007f9c8710e000)]
  0x00007f9ca4215dc0 JavaThread "C2 CompilerThread0" daemon [_thread_blocked, id=975, stack(0x00007f9c86f0e000,0x00007f9c8700e000)]
=>0x00007f9ca4217280 JavaThread "C1 CompilerThread0" daemon [_thread_in_vm, id=976, stack(0x00007f9c86e0e000,0x00007f9c86f0e000)]
  0x00007f9ca42206c0 JavaThread "Sweeper thread" daemon [_thread_blocked, id=977, stack(0x00007f9c86d0e000,0x00007f9c86e0e000)]
  0x00007f9ca428e380 JavaThread "Common-Cleaner" daemon [_thread_blocked, id=980, stack(0x00007f9c86c0e000,0x00007f9c86d0e000)]
  0x00007f9ca4388460 JavaThread "Notification Thread" daemon [_thread_blocked, id=1007, stack(0x00007f9c8690e000,0x00007f9c86a0e000)]
  0x00007f9ca44873d0 JavaThread "process reaper" daemon [_thread_blocked, id=1014, stack(0x00007f9c90081000,0x00007f9c900a3000)]
  0x00007f9ca4588320 JavaThread "Active Thread: Equinox Container: 59b0dd18-e67c-4dbf-8cc3-c51637e24776" [_thread_blocked, id=1032, stack(0x00007f9c86202000,0x00007f9c86302000)]
  0x00007f9ca45d2530 JavaThread "Framework Event Dispatcher: Equinox Container: 59b0dd18-e67c-4dbf-8cc3-c51637e24776" daemon [_thread_blocked, id=1035, stack(0x00007f9c86102000,0x00007f9c86202000)]
  0x00007f9ca45d5370 JavaThread "Start Level: Equinox Container: 59b0dd18-e67c-4dbf-8cc3-c51637e24776" daemon [_thread_blocked, id=1036, stack(0x00007f9c86002000,0x00007f9c86102000)]
  0x00007f9c2c2f7c40 JavaThread "Bundle File Closer" daemon [_thread_blocked, id=1048, stack(0x00007f9c859fe000,0x00007f9c85afe000)]
  0x00007f9c2c299320 JavaThread "SCR Component Actor" daemon [_thread_blocked, id=1051, stack(0x00007f9c858fe000,0x00007f9c859fe000)]
  0x00007f9c2c4dbfb0 JavaThread "SCR Component Registry" daemon [_thread_blocked, id=1052, stack(0x00007f9c86a0e000,0x00007f9c86b0e000)]
  0x00007f9c2c5a7010 JavaThread "Worker-JM" [_thread_blocked, id=1056, stack(0x00007f9c857fe000,0x00007f9c858fe000)]
  0x00007f9c602fdf70 JavaThread "C2 CompilerThread1" daemon [_thread_blocked, id=1058, stack(0x00007f9c86b0e000,0x00007f9c86c0e000)]
  0x00007f9c602ff800 JavaThread "C2 CompilerThread2" daemon [_thread_blocked, id=1059, stack(0x00007f9c856fe000,0x00007f9c857fe000)]
  0x00007f9c2c667c90 JavaThread "Worker-0" [_thread_blocked, id=1060, stack(0x00007f9c855fe000,0x00007f9c856fe000)]
  0x00007f9c2c672bf0 JavaThread "Worker-1" [_thread_blocked, id=1061, stack(0x00007f9c854fe000,0x00007f9c855fe000)]

Other Threads:
  0x00007f9ca4069020 VMThread "VM Thread" [stack: 0x00007f9c877f9000,0x00007f9c878f9000] [id=969] _threads_hazard_ptr=0x00007f9c2c673ae0
  0x00007f9ca4071cd0 WatcherThread [stack: 0x00007f9c8680e000,0x00007f9c8690e000] [id=1009]
  0x00007f9ca403f430 GCTaskThread "GC Thread#0" [stack: 0x00007f9ca95a4000,0x00007f9ca96a4000] [id=968]
  0x00007f9c80001270 GCTaskThread "GC Thread#1" [stack: 0x00007f9c8670c000,0x00007f9c8680c000] [id=1022]
  0x00007f9c800030e0 GCTaskThread "GC Thread#2" [stack: 0x00007f9c8660a000,0x00007f9c8670a000] [id=1024]
  0x00007f9c80003a90 GCTaskThread "GC Thread#3" [stack: 0x00007f9c86508000,0x00007f9c86608000] [id=1025]
  0x00007f9c80004440 GCTaskThread "GC Thread#4" [stack: 0x00007f9c86406000,0x00007f9c86506000] [id=1026]
  0x00007f9c80004e10 GCTaskThread "GC Thread#5" [stack: 0x00007f9c86304000,0x00007f9c86404000] [id=1027]
  0x00007f9c80005bf0 GCTaskThread "GC Thread#6" [stack: 0x00007f9c85f02000,0x00007f9c86002000] [id=1039]
  0x00007f9c80006530 GCTaskThread "GC Thread#7" [stack: 0x00007f9c85b00000,0x00007f9c85c00000] [id=1040]

Threads with active compile tasks:
C1 CompilerThread0     4751 3577       3       org.lombokweb.asm.MethodWriter::visitFieldInsn (258 bytes)
C2 CompilerThread1     4751 3565       4       java.lang.String::substring (10 bytes)

VM state: synchronizing (normal execution)

VM Mutex/Monitor currently owned by a thread:  ([mutex/lock_event])
[0x00007f9ca4024bd0] Threads_lock - owner thread: 0x00007f9ca4069020
[0x00007f9ca4025380] Heap_lock - owner thread: 0x00007f9ca45d5370
[0x00007f9ca4025b20] Compile_lock - owner thread: 0x00007f9ca4217280

Heap address: 0x00000000c0000000, size: 1024 MB, Compressed Oops mode: 32-bit

CDS archive(s) not mapped
Compressed class space mapped at: 0x0000000100000000-0x0000000140000000, reserved size: 1073741824
Narrow klass base: 0x0000000000000000, Narrow klass shift: 3, Narrow klass range: 0x140000000

GC Precious Log:
 CPUs: 8 total, 8 available
 Memory: 7787M
 Large Page Support: Disabled
 NUMA Support: Disabled
 Compressed Oops: Enabled (32-bit)
 Alignments: Space 512K, Generation 512K, Heap 2M
 Heap Min Capacity: 100M
 Heap Initial Capacity: 100M
 Heap Max Capacity: 1G
 Pre-touch: Disabled
 Parallel Workers: 8

Heap:
 PSYoungGen      total 26112K, used 26081K [0x00000000eab00000, 0x00000000ecd00000, 0x0000000100000000)
  eden space 23040K, 100% used [0x00000000eab00000,0x00000000ec180000,0x00000000ec180000)
  from space 3072K, 99% used [0x00000000ec680000,0x00000000ec9785e0,0x00000000ec980000)
  to   space 5120K, 0% used [0x00000000ec180000,0x00000000ec180000,0x00000000ec680000)
 ParOldGen       total 68608K, used 11783K [0x00000000c0000000, 0x00000000c4300000, 0x00000000eab00000)
  object space 68608K, 17% used [0x00000000c0000000,0x00000000c0b81c68,0x00000000c4300000)
 Metaspace       used 29722K, committed 30528K, reserved 1114112K
  class space    used 3003K, committed 3328K, reserved 1048576K

Card table byte_map: [0x00007f9ca96a4000,0x00007f9ca98a5000] _byte_map_base: 0x00007f9ca90a4000

Marking Bits: (ParMarkBitMap*) 0x00007f9caafe2ba0
 Begin Bits: [0x00007f9c903e5000, 0x00007f9c913e5000)
 End Bits:   [0x00007f9c913e5000, 0x00007f9c923e5000)

Polling page: 0x00007f9cab237000

Metaspace:

Usage:
  Non-class:     26.09 MB used.
      Class:      2.93 MB used.
       Both:     29.03 MB used.

Virtual space:
  Non-class space:       64.00 MB reserved,      26.56 MB ( 42%) committed,  1 nodes.
      Class space:        1.00 GB reserved,       3.25 MB ( <1%) committed,  1 nodes.
             Both:        1.06 GB reserved,      29.81 MB (  3%) committed. 

Chunk freelists:
   Non-Class:  5.48 MB
       Class:  12.73 MB
        Both:  18.22 MB

MaxMetaspaceSize: unlimited
CompressedClassSpaceSize: 1.00 GB
Initial GC threshold: 21.00 MB
Current GC threshold: 35.00 MB
CDS: off
MetaspaceReclaimPolicy: balanced
 - commit_granule_bytes: 65536.
 - commit_granule_words: 8192.
 - virtual_space_node_default_size: 8388608.
 - enlarge_chunks_in_place: 1.
 - new_chunks_are_fully_committed: 0.
 - uncommit_free_chunks: 1.
 - use_allocation_guard: 0.
 - handle_deallocations: 1.


Internal statistics:

num_allocs_failed_limit: 3.
num_arena_births: 584.
num_arena_deaths: 0.
num_vsnodes_births: 2.
num_vsnodes_deaths: 0.
num_space_committed: 477.
num_space_uncommitted: 0.
num_chunks_returned_to_freelist: 3.
num_chunks_taken_from_freelist: 1464.
num_chunk_merges: 3.
num_chunk_splits: 952.
num_chunks_enlarged: 584.
num_inconsistent_stats: 0.

CodeHeap 'non-profiled nmethods': size=120028Kb used=1518Kb max_used=1518Kb free=118509Kb
 bounds [0x00007f9c99eae000, 0x00007f9c9a11e000, 0x00007f9ca13e5000]
CodeHeap 'profiled nmethods': size=120028Kb used=7295Kb max_used=7295Kb free=112732Kb
 bounds [0x00007f9c923e5000, 0x00007f9c92b05000, 0x00007f9c9991c000]
CodeHeap 'non-nmethods': size=5704Kb used=1218Kb max_used=1251Kb free=4485Kb
 bounds [0x00007f9c9991c000, 0x00007f9c99b8c000, 0x00007f9c99eae000]
 total_blobs=4088 nmethods=3574 adapters=428
 compilation: enabled
              stopped_count=0, restarted_count=0
 full_count=0

Compilation events (20 events):
Event: 4.722 Thread 0x00007f9ca4217280 nmethod 3567 0x00007f9c92affc90 code [0x00007f9c92affe40, 0x00007f9c92b000a0]
Event: 4.722 Thread 0x00007f9ca4217280 3569       3       org.lombokweb.asm.ClassReader::createDebugLabel (23 bytes)
Event: 4.723 Thread 0x00007f9ca4217280 nmethod 3569 0x00007f9c92b00210 code [0x00007f9c92b003e0, 0x00007f9c92b00850]
Event: 4.723 Thread 0x00007f9ca4217280 3568       3       org.lombokweb.asm.ClassReader::readShort (27 bytes)
Event: 4.723 Thread 0x00007f9ca4217280 nmethod 3568 0x00007f9c92b00a10 code [0x00007f9c92b00bc0, 0x00007f9c92b00d30]
Event: 4.723 Thread 0x00007f9ca4217280 3571       3       org.lombokweb.asm.Label::accept (69 bytes)
Event: 4.724 Thread 0x00007f9ca4217280 nmethod 3571 0x00007f9c92b00e10 code [0x00007f9c92b01000, 0x00007f9c92b01540]
Event: 4.724 Thread 0x00007f9ca4217280 3570       3       java.util.ArrayList$SubList::toArray (79 bytes)
Event: 4.724 Thread 0x00007f9ca4217280 nmethod 3570 0x00007f9c92b01710 code [0x00007f9c92b01920, 0x00007f9c92b01f80]
Event: 4.724 Thread 0x00007f9ca4217280 3573       3       org.lombokweb.asm.ByteVector::putUTF8 (144 bytes)
Event: 4.726 Thread 0x00007f9ca4217280 nmethod 3573 0x00007f9c92b02190 code [0x00007f9c92b02400, 0x00007f9c92b02f00]
Event: 4.726 Thread 0x00007f9ca4217280 3572       3       org.lombokweb.asm.MethodVisitor::visitVarInsn (17 bytes)
Event: 4.726 Thread 0x00007f9ca4217280 nmethod 3572 0x00007f9c92b03410 code [0x00007f9c92b035c0, 0x00007f9c92b037c0]
Event: 4.726 Thread 0x00007f9ca4217280 3576       3       org.lombokweb.asm.MethodWriter::visitLineNumber (50 bytes)
Event: 4.726 Thread 0x00007f9ca4217280 nmethod 3576 0x00007f9c92b03890 code [0x00007f9c92b03a60, 0x00007f9c92b03e50]
Event: 4.726 Thread 0x00007f9ca4217280 3574       3       org.lombokweb.asm.MethodVisitor::visitInsn (16 bytes)
Event: 4.727 Thread 0x00007f9ca4217280 nmethod 3574 0x00007f9c92b04010 code [0x00007f9c92b041c0, 0x00007f9c92b043c0]
Event: 4.727 Thread 0x00007f9ca4217280 3575       3       org.lombokweb.asm.ClassReader::createLabel (21 bytes)
Event: 4.727 Thread 0x00007f9ca4217280 nmethod 3575 0x00007f9c92b04490 code [0x00007f9c92b04660, 0x00007f9c92b04ab0]
Event: 4.727 Thread 0x00007f9ca4217280 3577       3       org.lombokweb.asm.MethodWriter::visitFieldInsn (258 bytes)

GC Heap History (14 events):
Event: 1.267 GC heap before
{Heap before GC invocations=1 (full 0):
 PSYoungGen      total 29696K, used 25600K [0x00000000eab00000, 0x00000000ecc00000, 0x0000000100000000)
  eden space 25600K, 100% used [0x00000000eab00000,0x00000000ec400000,0x00000000ec400000)
  from space 4096K, 0% used [0x00000000ec800000,0x00000000ec800000,0x00000000ecc00000)
  to   space 4096K, 0% used [0x00000000ec400000,0x00000000ec400000,0x00000000ec800000)
 ParOldGen       total 68608K, used 0K [0x00000000c0000000, 0x00000000c4300000, 0x00000000eab00000)
  object space 68608K, 0% used [0x00000000c0000000,0x00000000c0000000,0x00000000c4300000)
 Metaspace       used 11161K, committed 11264K, reserved 1114112K
  class space    used 1119K, committed 1152K, reserved 1048576K
}
Event: 1.275 GC heap after
{Heap after GC invocations=1 (full 0):
 PSYoungGen      total 29696K, used 3123K [0x00000000eab00000, 0x00000000ecc00000, 0x0000000100000000)
  eden space 25600K, 0% used [0x00000000eab00000,0x00000000eab00000,0x00000000ec400000)
  from space 4096K, 76% used [0x00000000ec400000,0x00000000ec70cc18,0x00000000ec800000)
  to   space 4096K, 0% used [0x00000000ec800000,0x00000000ec800000,0x00000000ecc00000)
 ParOldGen       total 68608K, used 16K [0x00000000c0000000, 0x00000000c4300000, 0x00000000eab00000)
  object space 68608K, 0% used [0x00000000c0000000,0x00000000c0004000,0x00000000c4300000)
 Metaspace       used 11161K, committed 11264K, reserved 1114112K
  class space    used 1119K, committed 1152K, reserved 1048576K
}
Event: 2.035 GC heap before
{Heap before GC invocations=2 (full 0):
 PSYoungGen      total 29696K, used 28723K [0x00000000eab00000, 0x00000000ecc00000, 0x0000000100000000)
  eden space 25600K, 100% used [0x00000000eab00000,0x00000000ec400000,0x00000000ec400000)
  from space 4096K, 76% used [0x00000000ec400000,0x00000000ec70cc18,0x00000000ec800000)
  to   space 4096K, 0% used [0x00000000ec800000,0x00000000ec800000,0x00000000ecc00000)
 ParOldGen       total 68608K, used 16K [0x00000000c0000000, 0x00000000c4300000, 0x00000000eab00000)
  object space 68608K, 0% used [0x00000000c0000000,0x00000000c0004000,0x00000000c4300000)
 Metaspace       used 15000K, committed 15168K, reserved 1114112K
  class space    used 1517K, committed 1600K, reserved 1048576K
}
Event: 2.044 GC heap after
{Heap after GC invocations=2 (full 0):
 PSYoungGen      total 29696K, used 4072K [0x00000000eab00000, 0x00000000ecc00000, 0x0000000100000000)
  eden space 25600K, 0% used [0x00000000eab00000,0x00000000eab00000,0x00000000ec400000)
  from space 4096K, 99% used [0x00000000ec800000,0x00000000ecbfa038,0x00000000ecc00000)
  to   space 4096K, 0% used [0x00000000ec400000,0x00000000ec400000,0x00000000ec800000)
 ParOldGen       total 68608K, used 1522K [0x00000000c0000000, 0x00000000c4300000, 0x00000000eab00000)
  object space 68608K, 2% used [0x00000000c0000000,0x00000000c017cad8,0x00000000c4300000)
 Metaspace       used 15000K, committed 15168K, reserved 1114112K
  class space    used 1517K, committed 1600K, reserved 1048576K
}
Event: 2.866 GC heap before
{Heap before GC invocations=3 (full 0):
 PSYoungGen      total 29696K, used 29672K [0x00000000eab00000, 0x00000000ecc00000, 0x0000000100000000)
  eden space 25600K, 100% used [0x00000000eab00000,0x00000000ec400000,0x00000000ec400000)
  from space 4096K, 99% used [0x00000000ec800000,0x00000000ecbfa038,0x00000000ecc00000)
  to   space 4096K, 0% used [0x00000000ec400000,0x00000000ec400000,0x00000000ec800000)
 ParOldGen       total 68608K, used 1522K [0x00000000c0000000, 0x00000000c4300000, 0x00000000eab00000)
  object space 68608K, 2% used [0x00000000c0000000,0x00000000c017cad8,0x00000000c4300000)
 Metaspace       used 17333K, committed 17664K, reserved 1114112K
  class space    used 1777K, committed 1920K, reserved 1048576K
}
Event: 2.874 GC heap after
{Heap after GC invocations=3 (full 0):
 PSYoungGen      total 29696K, used 4094K [0x00000000eab00000, 0x00000000ecc00000, 0x0000000100000000)
  eden space 25600K, 0% used [0x00000000eab00000,0x00000000eab00000,0x00000000ec400000)
  from space 4096K, 99% used [0x00000000ec400000,0x00000000ec7ff9b0,0x00000000ec800000)
  to   space 4096K, 0% used [0x00000000ec800000,0x00000000ec800000,0x00000000ecc00000)
 ParOldGen       total 68608K, used 5224K [0x00000000c0000000, 0x00000000c4300000, 0x00000000eab00000)
  object space 68608K, 7% used [0x00000000c0000000,0x00000000c051a3b0,0x00000000c4300000)
 Metaspace       used 17333K, committed 17664K, reserved 1114112K
  class space    used 1777K, committed 1920K, reserved 1048576K
}
Event: 3.321 GC heap before
{Heap before GC invocations=4 (full 0):
 PSYoungGen      total 29696K, used 26316K [0x00000000eab00000, 0x00000000ecc00000, 0x0000000100000000)
  eden space 25600K, 86% used [0x00000000eab00000,0x00000000ec0b3750,0x00000000ec400000)
  from space 4096K, 99% used [0x00000000ec400000,0x00000000ec7ff9b0,0x00000000ec800000)
  to   space 4096K, 0% used [0x00000000ec800000,0x00000000ec800000,0x00000000ecc00000)
 ParOldGen       total 68608K, used 5224K [0x00000000c0000000, 0x00000000c4300000, 0x00000000eab00000)
  object space 68608K, 7% used [0x00000000c0000000,0x00000000c051a3b0,0x00000000c4300000)
 Metaspace       used 21012K, committed 21504K, reserved 1114112K
  class space    used 2143K, committed 2368K, reserved 1048576K
}
Event: 3.329 GC heap after
{Heap after GC invocations=4 (full 0):
 PSYoungGen      total 29696K, used 4085K [0x00000000eab00000, 0x00000000ecc00000, 0x0000000100000000)
  eden space 25600K, 0% used [0x00000000eab00000,0x00000000eab00000,0x00000000ec400000)
  from space 4096K, 99% used [0x00000000ec800000,0x00000000ecbfd518,0x00000000ecc00000)
  to   space 4096K, 0% used [0x00000000ec400000,0x00000000ec400000,0x00000000ec800000)
 ParOldGen       total 68608K, used 6625K [0x00000000c0000000, 0x00000000c4300000, 0x00000000eab00000)
  object space 68608K, 9% used [0x00000000c0000000,0x00000000c0678488,0x00000000c4300000)
 Metaspace       used 21012K, committed 21504K, reserved 1114112K
  class space    used 2143K, committed 2368K, reserved 1048576K
}
Event: 3.329 GC heap before
{Heap before GC invocations=5 (full 1):
 PSYoungGen      total 29696K, used 4085K [0x00000000eab00000, 0x00000000ecc00000, 0x0000000100000000)
  eden space 25600K, 0% used [0x00000000eab00000,0x00000000eab00000,0x00000000ec400000)
  from space 4096K, 99% used [0x00000000ec800000,0x00000000ecbfd518,0x00000000ecc00000)
  to   space 4096K, 0% used [0x00000000ec400000,0x00000000ec400000,0x00000000ec800000)
 ParOldGen       total 68608K, used 6625K [0x00000000c0000000, 0x00000000c4300000, 0x00000000eab00000)
  object space 68608K, 9% used [0x00000000c0000000,0x00000000c0678488,0x00000000c4300000)
 Metaspace       used 21012K, committed 21504K, reserved 1114112K
  class space    used 2143K, committed 2368K, reserved 1048576K
}
Event: 3.381 GC heap after
{Heap after GC invocations=5 (full 1):
 PSYoungGen      total 29696K, used 0K [0x00000000eab00000, 0x00000000ecc00000, 0x0000000100000000)
  eden space 25600K, 0% used [0x00000000eab00000,0x00000000eab00000,0x00000000ec400000)
  from space 4096K, 0% used [0x00000000ec800000,0x00000000ec800000,0x00000000ecc00000)
  to   space 4096K, 0% used [0x00000000ec400000,0x00000000ec400000,0x00000000ec800000)
 ParOldGen       total 68608K, used 10513K [0x00000000c0000000, 0x00000000c4300000, 0x00000000eab00000)
  object space 68608K, 15% used [0x00000000c0000000,0x00000000c0a44580,0x00000000c4300000)
 Metaspace       used 21012K, committed 21504K, reserved 1114112K
  class space    used 2143K, committed 2368K, reserved 1048576K
}
Event: 3.901 GC heap before
{Heap before GC invocations=6 (full 1):
 PSYoungGen      total 29696K, used 25600K [0x00000000eab00000, 0x00000000ecc00000, 0x0000000100000000)
  eden space 25600K, 100% used [0x00000000eab00000,0x00000000ec400000,0x00000000ec400000)
  from space 4096K, 0% used [0x00000000ec800000,0x00000000ec800000,0x00000000ecc00000)
  to   space 4096K, 0% used [0x00000000ec400000,0x00000000ec400000,0x00000000ec800000)
 ParOldGen       total 68608K, used 10513K [0x00000000c0000000, 0x00000000c4300000, 0x00000000eab00000)
  object space 68608K, 15% used [0x00000000c0000000,0x00000000c0a44580,0x00000000c4300000)
 Metaspace       used 24431K, committed 25088K, reserved 1114112K
  class space    used 2501K, committed 2816K, reserved 1048576K
}
Event: 3.905 GC heap after
{Heap after GC invocations=6 (full 1):
 PSYoungGen      total 26624K, used 1350K [0x00000000eab00000, 0x00000000ec980000, 0x0000000100000000)
  eden space 25088K, 0% used [0x00000000eab00000,0x00000000eab00000,0x00000000ec380000)
  from space 1536K, 87% used [0x00000000ec400000,0x00000000ec551b18,0x00000000ec580000)
  to   space 3072K, 0% used [0x00000000ec680000,0x00000000ec680000,0x00000000ec980000)
 ParOldGen       total 68608K, used 10521K [0x00000000c0000000, 0x00000000c4300000, 0x00000000eab00000)
  object space 68608K, 15% used [0x00000000c0000000,0x00000000c0a46580,0x00000000c4300000)
 Metaspace       used 24431K, committed 25088K, reserved 1114112K
  class space    used 2501K, committed 2816K, reserved 1048576K
}
Event: 4.500 GC heap before
{Heap before GC invocations=7 (full 1):
 PSYoungGen      total 26624K, used 26438K [0x00000000eab00000, 0x00000000ec980000, 0x0000000100000000)
  eden space 25088K, 100% used [0x00000000eab00000,0x00000000ec380000,0x00000000ec380000)
  from space 1536K, 87% used [0x00000000ec400000,0x00000000ec551b18,0x00000000ec580000)
  to   space 3072K, 0% used [0x00000000ec680000,0x00000000ec680000,0x00000000ec980000)
 ParOldGen       total 68608K, used 10521K [0x00000000c0000000, 0x00000000c4300000, 0x00000000eab00000)
  object space 68608K, 15% used [0x00000000c0000000,0x00000000c0a46580,0x00000000c4300000)
 Metaspace       used 27228K, committed 27904K, reserved 1114112K
  class space    used 2840K, committed 3136K, reserved 1048576K
}
Event: 4.510 GC heap after
{Heap after GC invocations=7 (full 1):
 PSYoungGen      total 26112K, used 3041K [0x00000000eab00000, 0x00000000ecd00000, 0x0000000100000000)
  eden space 23040K, 0% used [0x00000000eab00000,0x00000000eab00000,0x00000000ec180000)
  from space 3072K, 99% used [0x00000000ec680000,0x00000000ec9785e0,0x00000000ec980000)
  to   space 5120K, 0% used [0x00000000ec180000,0x00000000ec180000,0x00000000ec680000)
 ParOldGen       total 68608K, used 11783K [0x00000000c0000000, 0x00000000c4300000, 0x00000000eab00000)
  object space 68608K, 17% used [0x00000000c0000000,0x00000000c0b81c68,0x00000000c4300000)
 Metaspace       used 27228K, committed 27904K, reserved 1114112K
  class space    used 2840K, committed 3136K, reserved 1048576K
}

Dll operation events (9 events):
Event: 0.003 Loaded shared library /home/bibhu04/.vscode-server/extensions/redhat.java-1.23.0/jre/17.0.8.1-linux-x86_64/lib/libjava.so
Event: 0.288 Loaded shared library /home/bibhu04/.vscode-server/extensions/redhat.java-1.23.0/jre/17.0.8.1-linux-x86_64/lib/libzip.so
Event: 0.291 Loaded shared library /home/bibhu04/.vscode-server/extensions/redhat.java-1.23.0/jre/17.0.8.1-linux-x86_64/lib/libinstrument.so
Event: 0.304 Loaded shared library /home/bibhu04/.vscode-server/extensions/redhat.java-1.23.0/jre/17.0.8.1-linux-x86_64/lib/libnio.so
Event: 0.319 Loaded shared library /home/bibhu04/.vscode-server/extensions/redhat.java-1.23.0/jre/17.0.8.1-linux-x86_64/lib/libzip.so
Event: 0.344 Loaded shared library /home/bibhu04/.vscode-server/extensions/redhat.java-1.23.0/jre/17.0.8.1-linux-x86_64/lib/libjimage.so
Event: 0.445 Loaded shared library /home/bibhu04/.vscode-server/extensions/redhat.java-1.23.0/jre/17.0.8.1-linux-x86_64/lib/libverify.so
Event: 1.338 Loaded shared library /home/bibhu04/.vscode-server/extensions/redhat.java-1.23.0/jre/17.0.8.1-linux-x86_64/lib/libnet.so
Event: 1.891 Loaded shared library /home/bibhu04/.vscode-server/data/User/globalStorage/redhat.java/1.23.0/config_linux/org.eclipse.equinox.launcher/org.eclipse.equinox.launcher.gtk.linux.x86_64_1.2.700.v20221108-1024/eclipse_11801.so

Deoptimization events (20 events):
Event: 4.223 Thread 0x00007f9ca45d5370 DEOPT PACKING pc=0x00007f9c99f86e48 sp=0x00007f9c860ef270
Event: 4.223 Thread 0x00007f9ca45d5370 DEOPT UNPACKING pc=0x00007f9c99975819 sp=0x00007f9c860ef240 mode 2
Event: 4.223 Thread 0x00007f9ca45d5370 Uncommon trap: trap_request=0xffffffde fr.pc=0x00007f9c99f86e48 relative=0x0000000000000508
Event: 4.223 Thread 0x00007f9ca45d5370 Uncommon trap: reason=class_check action=maybe_recompile pc=0x00007f9c99f86e48 method=java.util.ImmutableCollections$MapN.probe(Ljava/lang/Object;)I @ 1 c2
Event: 4.223 Thread 0x00007f9ca45d5370 DEOPT PACKING pc=0x00007f9c99f86e48 sp=0x00007f9c860ef270
Event: 4.223 Thread 0x00007f9ca45d5370 DEOPT UNPACKING pc=0x00007f9c99975819 sp=0x00007f9c860ef240 mode 2
Event: 4.223 Thread 0x00007f9ca45d5370 Uncommon trap: trap_request=0xffffffde fr.pc=0x00007f9c99f86e48 relative=0x0000000000000508
Event: 4.223 Thread 0x00007f9ca45d5370 Uncommon trap: reason=class_check action=maybe_recompile pc=0x00007f9c99f86e48 method=java.util.ImmutableCollections$MapN.probe(Ljava/lang/Object;)I @ 1 c2
Event: 4.223 Thread 0x00007f9ca45d5370 DEOPT PACKING pc=0x00007f9c99f86e48 sp=0x00007f9c860ef270
Event: 4.223 Thread 0x00007f9ca45d5370 DEOPT UNPACKING pc=0x00007f9c99975819 sp=0x00007f9c860ef240 mode 2
Event: 4.223 Thread 0x00007f9ca45d5370 Uncommon trap: trap_request=0xffffffde fr.pc=0x00007f9c99f86e48 relative=0x0000000000000508
Event: 4.223 Thread 0x00007f9ca45d5370 Uncommon trap: reason=class_check action=maybe_recompile pc=0x00007f9c99f86e48 method=java.util.ImmutableCollections$MapN.probe(Ljava/lang/Object;)I @ 1 c2
Event: 4.223 Thread 0x00007f9ca45d5370 DEOPT PACKING pc=0x00007f9c99f86e48 sp=0x00007f9c860ef270
Event: 4.223 Thread 0x00007f9ca45d5370 DEOPT UNPACKING pc=0x00007f9c99975819 sp=0x00007f9c860ef240 mode 2
Event: 4.410 Thread 0x00007f9ca45d5370 Uncommon trap: trap_request=0xffffff45 fr.pc=0x00007f9c9a000604 relative=0x00000000000000e4
Event: 4.410 Thread 0x00007f9ca45d5370 Uncommon trap: reason=unstable_if action=reinterpret pc=0x00007f9c9a000604 method=java.io.ObjectInputStream$HandleTable.markDependency(II)V @ 54 c2
Event: 4.410 Thread 0x00007f9ca45d5370 DEOPT PACKING pc=0x00007f9c9a000604 sp=0x00007f9c860ed8a0
Event: 4.411 Thread 0x00007f9ca45d5370 DEOPT UNPACKING pc=0x00007f9c99975819 sp=0x00007f9c860ed848 mode 2
Event: 4.451 Thread 0x00007f9ca45d5370 DEOPT PACKING pc=0x00007f9c92799b43 sp=0x00007f9c860f1800
Event: 4.451 Thread 0x00007f9ca45d5370 DEOPT UNPACKING pc=0x00007f9c9997634f sp=0x00007f9c860f0cd0 mode 0

Classes unloaded (0 events):
No events

Classes redefined (0 events):
No events

Internal exceptions (20 events):
Event: 4.237 Thread 0x00007f9ca45d5370 Exception <a 'java/lang/NoSuchMethodError'{0x00000000ebac79f8}: 'java.lang.Object java.lang.invoke.Invokers$Holder.invoke_MT(java.lang.Object, java.lang.Object, java.lang.Object, java.lang.Object, java.lang.Object, java.lang.Object, java.lang.Object, java.lang.Object, java.lang.Object)'> (0x00000000ebac79f8) 
thrown [src/hotspot/share/interpreter/linkResolver.cpp, line 758]
Event: 4.243 Thread 0x00007f9ca45d5370 Exception <a 'java/lang/NoSuchMethodError'{0x00000000ebb012b8}: 'int java.lang.invoke.DirectMethodHandle$Holder.invokeVirtual(java.lang.Object, java.lang.Object, java.lang.Object)'> (0x00000000ebb012b8) 
thrown [src/hotspot/share/interpreter/linkResolver.cpp, line 758]
Event: 4.244 Thread 0x00007f9ca45d5370 Exception <a 'java/lang/NoSuchMethodError'{0x00000000ebb05e08}: 'int java.lang.invoke.DirectMethodHandle$Holder.invokeVirtual(java.lang.Object, java.lang.Object)'> (0x00000000ebb05e08) 
thrown [src/hotspot/share/interpreter/linkResolver.cpp, line 758]
Event: 4.245 Thread 0x00007f9ca45d5370 Exception <a 'java/lang/NoSuchMethodError'{0x00000000ebb0b8c0}: 'int java.lang.invoke.DirectMethodHandle$Holder.invokeStaticInit(java.lang.Object, int, int)'> (0x00000000ebb0b8c0) 
thrown [src/hotspot/share/interpreter/linkResolver.cpp, line 758]
Event: 4.246 Thread 0x00007f9ca45d5370 Exception <a 'java/lang/NoSuchMethodError'{0x00000000ebb14348}: 'int java.lang.invoke.DirectMethodHandle$Holder.invokeStaticInit(java.lang.Object, long, long)'> (0x00000000ebb14348) 
thrown [src/hotspot/share/interpreter/linkResolver.cpp, line 758]
Event: 4.247 Thread 0x00007f9ca45d5370 Exception <a 'java/lang/NoSuchMethodError'{0x00000000ebb1c430}: 'int java.lang.invoke.DirectMethodHandle$Holder.invokeStaticInit(java.lang.Object, float, float)'> (0x00000000ebb1c430) 
thrown [src/hotspot/share/interpreter/linkResolver.cpp, line 758]
Event: 4.248 Thread 0x00007f9ca45d5370 Exception <a 'java/lang/NoSuchMethodError'{0x00000000ebb24520}: 'int java.lang.invoke.DirectMethodHandle$Holder.invokeStaticInit(java.lang.Object, double, double)'> (0x00000000ebb24520) 
thrown [src/hotspot/share/interpreter/linkResolver.cpp, line 758]
Event: 4.248 Thread 0x00007f9ca45d5370 Exception <a 'java/lang/NoSuchMethodError'{0x00000000ebb29dc0}: 'int java.lang.invoke.DirectMethodHandle$Holder.invokeStatic(java.lang.Object, long)'> (0x00000000ebb29dc0) 
thrown [src/hotspot/share/interpreter/linkResolver.cpp, line 758]
Event: 4.252 Thread 0x00007f9ca45d5370 Exception <a 'java/lang/NoSuchMethodError'{0x00000000ebb52218}: 'int java.lang.invoke.Invokers$Holder.linkToTargetMethod(java.lang.Object, java.lang.Object)'> (0x00000000ebb52218) 
thrown [src/hotspot/share/interpreter/linkResolver.cpp, line 758]
Event: 4.343 Thread 0x00007f9ca45d5370 Exception <a 'java/lang/NoSuchMethodError'{0x00000000ebe45190}: 'java.lang.Object java.lang.invoke.DirectMethodHandle$Holder.invokeSpecial(java.lang.Object, java.lang.Object, java.lang.Object, java.lang.Object, java.lang.Object, java.lang.Object, java.lang.Object, java.lang.Object, java.lang.Object, java.lang.Object, java.lang.Object)'> (0x00000000ebe45190) 
thrown [src/hotspot/share/interpreter/linkResolver.cpp, line 758]
Event: 4.344 Thread 0x00007f9ca45d5370 Exception <a 'java/lang/NoSuchMethodError'{0x00000000ebe4a950}: 'java.lang.Object java.lang.invoke.Invokers$Holder.invoke_MT(java.lang.Object, java.lang.Object, java.lang.Object, java.lang.Object, java.lang.Object, java.lang.Object, java.lang.Object, java.lang.Object, java.lang.Object, java.lang.Object, java.lang.Object)'> (0x00000000ebe4a950) 
thrown [src/hotspot/share/interpreter/linkResolver.cpp, line 758]
Event: 4.359 Thread 0x00007f9ca45d5370 Exception <a 'java/lang/NoSuchMethodError'{0x00000000ebedacc8}: 'java.lang.Object java.lang.invoke.DirectMethodHandle$Holder.invokeSpecial(java.lang.Object, java.lang.Object, java.lang.Object, java.lang.Object, java.lang.Object, java.lang.Object, java.lang.Object, java.lang.Object, java.lang.Object, java.lang.Object)'> (0x00000000ebedacc8) 
thrown [src/hotspot/share/interpreter/linkResolver.cpp, line 758]
Event: 4.360 Thread 0x00007f9ca45d5370 Exception <a 'java/lang/NoSuchMethodError'{0x00000000ebedff18}: 'java.lang.Object java.lang.invoke.Invokers$Holder.invoke_MT(java.lang.Object, java.lang.Object, java.lang.Object, java.lang.Object, java.lang.Object, java.lang.Object, java.lang.Object, java.lang.Object, java.lang.Object, java.lang.Object)'> (0x00000000ebedff18) 
thrown [src/hotspot/share/interpreter/linkResolver.cpp, line 758]
Event: 4.378 Thread 0x00007f9ca45d5370 Exception <a 'java/lang/NoSuchMethodError'{0x00000000ebf8ad20}: 'java.lang.Object java.lang.invoke.DirectMethodHandle$Holder.newInvokeSpecial(java.lang.Object, java.lang.Object, java.lang.Object, java.lang.Object, java.lang.Object, java.lang.Object, java.lang.Object)'> (0x00000000ebf8ad20) 
thrown [src/hotspot/share/interpreter/linkResolver.cpp, line 758]
Event: 4.390 Thread 0x00007f9ca45d5370 Exception <a 'java/lang/NoSuchMethodError'{0x00000000ebff7c20}: 'java.lang.Object java.lang.invoke.DirectMethodHandle$Holder.invokeSpecial(java.lang.Object, java.lang.Object, java.lang.Object, java.lang.Object, java.lang.Object, java.lang.Object, java.lang.Object, java.lang.Object, java.lang.Object, java.lang.Object, java.lang.Object, java.lang.Object, java.lang.Object)'> (0x00000000ebff7c20) 
thrown [src/hotspot/share/interpreter/linkResolver.cpp, line 758]
Event: 4.391 Thread 0x00007f9ca45d5370 Exception <a 'java/lang/NoSuchMethodError'{0x00000000ebffd750}: 'java.lang.Object java.lang.invoke.Invokers$Holder.invoker(java.lang.Object, java.lang.Object, java.lang.Object, java.lang.Object, java.lang.Object, java.lang.Object, java.lang.Object, java.lang.Object, java.lang.Object, java.lang.Object, java.lang.Object, java.lang.Object, java.lang.Object)'> (0x00000000ebffd750) 
thrown [src/hotspot/share/interpreter/linkResolver.cpp, line 758]
Event: 4.392 Thread 0x00007f9ca45d5370 Exception <a 'java/lang/NoSuchMethodError'{0x00000000ec004450}: 'java.lang.Object java.lang.invoke.DirectMethodHandle$Holder.invokeSpecial(java.lang.Object, java.lang.Object, java.lang.Object, java.lang.Object, java.lang.Object, java.lang.Object, java.lang.Object, java.lang.Object, java.lang.Object, java.lang.Object, java.lang.Object, java.lang.Object, java.lang.Object, java.lang.Object)'> (0x00000000ec004450) 
thrown [src/hotspot/share/interpreter/linkResolver.cpp, line 758]
Event: 4.403 Thread 0x00007f9ca45d5370 Exception <a 'java/lang/NoSuchMethodError'{0x00000000ec06c740}: static Lorg/eclipse/m2e/core/internal/lifecyclemapping/model/PluginExecutionMetadata;.<clinit>()V> (0x00000000ec06c740) 
thrown [src/hotspot/share/prims/jni.cpp, line 1107]
Event: 4.417 Thread 0x00007f9ca45d5370 Exception <a 'java/lang/NoSuchMethodError'{0x00000000ec0cab28}: static Lorg/eclipse/m2e/core/internal/lifecyclemapping/model/PluginExecutionFilter;.<clinit>()V> (0x00000000ec0cab28) 
thrown [src/hotspot/share/prims/jni.cpp, line 1107]
Event: 4.422 Thread 0x00007f9ca45d5370 Exception <a 'java/lang/NoSuchMethodError'{0x00000000ec0ff270}: static Lorg/eclipse/m2e/core/internal/project/registry/MavenProjectFacade$MavenProjectConfiguration;.<clinit>()V> (0x00000000ec0ff270) 
thrown [src/hotspot/share/prims/jni.cpp, line 1107]

VM Operations (20 events):
Event: 3.643 Executing VM operation: HandshakeAllThreads
Event: 3.643 Executing VM operation: HandshakeAllThreads done
Event: 3.689 Executing VM operation: HandshakeAllThreads
Event: 3.690 Executing VM operation: HandshakeAllThreads done
Event: 3.726 Executing VM operation: HandshakeAllThreads
Event: 3.727 Executing VM operation: HandshakeAllThreads done
Event: 3.735 Executing VM operation: HandshakeAllThreads
Event: 3.735 Executing VM operation: HandshakeAllThreads done
Event: 3.834 Executing VM operation: ICBufferFull
Event: 3.834 Executing VM operation: ICBufferFull done
Event: 3.901 Executing VM operation: ParallelGCFailedAllocation
Event: 3.905 Executing VM operation: ParallelGCFailedAllocation done
Event: 4.103 Executing VM operation: HandshakeAllThreads
Event: 4.103 Executing VM operation: HandshakeAllThreads done
Event: 4.220 Executing VM operation: HandshakeAllThreads
Event: 4.220 Executing VM operation: HandshakeAllThreads done
Event: 4.500 Executing VM operation: ParallelGCFailedAllocation
Event: 4.510 Executing VM operation: ParallelGCFailedAllocation done
Event: 4.518 Executing VM operation: HandshakeAllThreads
Event: 4.518 Executing VM operation: HandshakeAllThreads done

Events (20 events):
Event: 4.556 loading class java/io/StringReader
Event: 4.556 loading class java/io/StringReader done
Event: 4.557 loading class java/util/zip/GZIPInputStream
Event: 4.557 loading class java/util/zip/GZIPInputStream done
Event: 4.561 loading class java/util/zip/GZIPOutputStream
Event: 4.561 loading class java/util/zip/GZIPOutputStream done
Event: 4.565 loading class java/net/SocketTimeoutException
Event: 4.565 loading class java/io/InterruptedIOException
Event: 4.565 loading class java/io/InterruptedIOException done
Event: 4.565 loading class java/net/SocketTimeoutException done
Event: 4.565 loading class java/net/SocketException
Event: 4.565 loading class java/net/SocketException done
Event: 4.565 loading class java/net/UnknownHostException
Event: 4.565 loading class java/net/UnknownHostException done
Event: 4.565 loading class java/net/ProtocolException
Event: 4.566 loading class java/net/ProtocolException done
Event: 4.661 loading class java/io/FileWriter
Event: 4.661 loading class java/io/FileWriter done
Event: 4.662 loading class java/lang/NegativeArraySizeException
Event: 4.662 loading class java/lang/NegativeArraySizeException done


Dynamic libraries:
c0000000-c4300000 rw-p 00000000 00:00 0 
c4300000-eab00000 ---p 00000000 00:00 0 
eab00000-ecd00000 rw-p 00000000 00:00 0 
ecd00000-100000000 ---p 00000000 00:00 0 
100000000-100020000 rw-p 00000000 00:00 0 
100020000-100040000 rw-p 00000000 00:00 0 
100040000-1000c0000 rw-p 00000000 00:00 0 
1000c0000-1000e0000 rw-p 00000000 00:00 0 
1000e0000-100140000 rw-p 00000000 00:00 0 
100140000-100180000 rw-p 00000000 00:00 0 
100180000-100200000 rw-p 00000000 00:00 0 
100200000-1002f0000 rw-p 00000000 00:00 0 
1002f0000-100300000 ---p 00000000 00:00 0 
100300000-100350000 rw-p 00000000 00:00 0 
100350000-140000000 ---p 00000000 00:00 0 
5581edd9f000-5581edda0000 r--p 00000000 08:20 400836                     /home/bibhu04/.vscode-server/extensions/redhat.java-1.23.0/jre/17.0.8.1-linux-x86_64/bin/java
5581edda0000-5581edda1000 r-xp 00001000 08:20 400836                     /home/bibhu04/.vscode-server/extensions/redhat.java-1.23.0/jre/17.0.8.1-linux-x86_64/bin/java
5581edda1000-5581edda2000 r--p 00002000 08:20 400836                     /home/bibhu04/.vscode-server/extensions/redhat.java-1.23.0/jre/17.0.8.1-linux-x86_64/bin/java
5581edda2000-5581edda3000 r--p 00002000 08:20 400836                     /home/bibhu04/.vscode-server/extensions/redhat.java-1.23.0/jre/17.0.8.1-linux-x86_64/bin/java
5581edda3000-5581edda4000 rw-p 00003000 08:20 400836                     /home/bibhu04/.vscode-server/extensions/redhat.java-1.23.0/jre/17.0.8.1-linux-x86_64/bin/java
5581ef0a7000-5581ef0ef000 rw-p 00000000 00:00 0                          [heap]
7f9c08000000-7f9c08021000 rw-p 00000000 00:00 0 
7f9c08021000-7f9c0c000000 ---p 00000000 00:00 0 
7f9c0c000000-7f9c0c021000 rw-p 00000000 00:00 0 
7f9c0c021000-7f9c10000000 ---p 00000000 00:00 0 
7f9c10000000-7f9c10021000 rw-p 00000000 00:00 0 
7f9c10021000-7f9c14000000 ---p 00000000 00:00 0 
7f9c14000000-7f9c1479c000 rw-p 00000000 00:00 0 
7f9c1479c000-7f9c18000000 ---p 00000000 00:00 0 
7f9c18000000-7f9c18021000 rw-p 00000000 00:00 0 
7f9c18021000-7f9c1c000000 ---p 00000000 00:00 0 
7f9c1c000000-7f9c1c021000 rw-p 00000000 00:00 0 
7f9c1c021000-7f9c20000000 ---p 00000000 00:00 0 
7f9c20000000-7f9c20021000 rw-p 00000000 00:00 0 
7f9c20021000-7f9c24000000 ---p 00000000 00:00 0 
7f9c24000000-7f9c24021000 rw-p 00000000 00:00 0 
7f9c24021000-7f9c28000000 ---p 00000000 00:00 0 
7f9c28000000-7f9c28021000 rw-p 00000000 00:00 0 
7f9c28021000-7f9c2c000000 ---p 00000000 00:00 0 
7f9c2c000000-7f9c2c8a5000 rw-p 00000000 00:00 0 
7f9c2c8a5000-7f9c30000000 ---p 00000000 00:00 0 
7f9c30000000-7f9c30021000 rw-p 00000000 00:00 0 
7f9c30021000-7f9c34000000 ---p 00000000 00:00 0 
7f9c34000000-7f9c34021000 rw-p 00000000 00:00 0 
7f9c34021000-7f9c38000000 ---p 00000000 00:00 0 
7f9c38000000-7f9c38021000 rw-p 00000000 00:00 0 
7f9c38021000-7f9c3c000000 ---p 00000000 00:00 0 
7f9c3c000000-7f9c3c021000 rw-p 00000000 00:00 0 
7f9c3c021000-7f9c40000000 ---p 00000000 00:00 0 
7f9c40000000-7f9c40021000 rw-p 00000000 00:00 0 
7f9c40021000-7f9c44000000 ---p 00000000 00:00 0 
7f9c44000000-7f9c44021000 rw-p 00000000 00:00 0 
7f9c44021000-7f9c48000000 ---p 00000000 00:00 0 
7f9c48000000-7f9c48021000 rw-p 00000000 00:00 0 
7f9c48021000-7f9c4c000000 ---p 00000000 00:00 0 
7f9c4c000000-7f9c4c021000 rw-p 00000000 00:00 0 
7f9c4c021000-7f9c50000000 ---p 00000000 00:00 0 
7f9c50000000-7f9c502b8000 rw-p 00000000 00:00 0 
7f9c502b8000-7f9c54000000 ---p 00000000 00:00 0 
7f9c54000000-7f9c54021000 rw-p 00000000 00:00 0 
7f9c54021000-7f9c58000000 ---p 00000000 00:00 0 
7f9c58000000-7f9c58021000 rw-p 00000000 00:00 0 
7f9c58021000-7f9c5c000000 ---p 00000000 00:00 0 
7f9c5c000000-7f9c5c615000 rw-p 00000000 00:00 0 
7f9c5c615000-7f9c60000000 ---p 00000000 00:00 0 
7f9c60000000-7f9c604f9000 rw-p 00000000 00:00 0 
7f9c604f9000-7f9c64000000 ---p 00000000 00:00 0 
7f9c64000000-7f9c64021000 rw-p 00000000 00:00 0 
7f9c64021000-7f9c68000000 ---p 00000000 00:00 0 
7f9c68000000-7f9c68021000 rw-p 00000000 00:00 0 
7f9c68021000-7f9c6c000000 ---p 00000000 00:00 0 
7f9c6c000000-7f9c6c638000 rw-p 00000000 00:00 0 
7f9c6c638000-7f9c70000000 ---p 00000000 00:00 0 
7f9c70000000-7f9c70021000 rw-p 00000000 00:00 0 
7f9c70021000-7f9c74000000 ---p 00000000 00:00 0 
7f9c74000000-7f9c74021000 rw-p 00000000 00:00 0 
7f9c74021000-7f9c78000000 ---p 00000000 00:00 0 
7f9c78000000-7f9c78021000 rw-p 00000000 00:00 0 
7f9c78021000-7f9c7c000000 ---p 00000000 00:00 0 
7f9c7c000000-7f9c7c021000 rw-p 00000000 00:00 0 
7f9c7c021000-7f9c80000000 ---p 00000000 00:00 0 
7f9c80000000-7f9c80021000 rw-p 00000000 00:00 0 
7f9c80021000-7f9c84000000 ---p 00000000 00:00 0 
7f9c85110000-7f9c854fe000 rw-p 00000000 00:00 0 
7f9c854fe000-7f9c85502000 ---p 00000000 00:00 0 
7f9c85502000-7f9c855fe000 rw-p 00000000 00:00 0 
7f9c855fe000-7f9c85602000 ---p 00000000 00:00 0 
7f9c85602000-7f9c856fe000 rw-p 00000000 00:00 0 
7f9c856fe000-7f9c85702000 ---p 00000000 00:00 0 
7f9c85702000-7f9c857fe000 rw-p 00000000 00:00 0 
7f9c857fe000-7f9c85802000 ---p 00000000 00:00 0 
7f9c85802000-7f9c858fe000 rw-p 00000000 00:00 0 
7f9c858fe000-7f9c85902000 ---p 00000000 00:00 0 
7f9c85902000-7f9c859fe000 rw-p 00000000 00:00 0 
7f9c859fe000-7f9c85a02000 ---p 00000000 00:00 0 
7f9c85a02000-7f9c85afe000 rw-p 00000000 00:00 0 
7f9c85afe000-7f9c85aff000 ---p 00000000 00:00 0 
7f9c85aff000-7f9c85c00000 rw-p 00000000 00:00 0 
7f9c85c00000-7f9c85c10000 r-xp 00000000 08:20 222386                     /home/bibhu04/.vscode-server/data/User/globalStorage/redhat.java/1.23.0/config_linux/org.eclipse.equinox.launcher/org.eclipse.equinox.launcher.gtk.linux.x86_64_1.2.700.v20221108-1024/eclipse_11801.so
7f9c85c10000-7f9c85e0f000 ---p 00010000 08:20 222386                     /home/bibhu04/.vscode-server/data/User/globalStorage/redhat.java/1.23.0/config_linux/org.eclipse.equinox.launcher/org.eclipse.equinox.launcher.gtk.linux.x86_64_1.2.700.v20221108-1024/eclipse_11801.so
7f9c85e0f000-7f9c85e10000 r--p 0000f000 08:20 222386                     /home/bibhu04/.vscode-server/data/User/globalStorage/redhat.java/1.23.0/config_linux/org.eclipse.equinox.launcher/org.eclipse.equinox.launcher.gtk.linux.x86_64_1.2.700.v20221108-1024/eclipse_11801.so
7f9c85e10000-7f9c85e11000 rw-p 00010000 08:20 222386                     /home/bibhu04/.vscode-server/data/User/globalStorage/redhat.java/1.23.0/config_linux/org.eclipse.equinox.launcher/org.eclipse.equinox.launcher.gtk.linux.x86_64_1.2.700.v20221108-1024/eclipse_11801.so
7f9c85e11000-7f9c85e12000 rw-p 00000000 00:00 0 
7f9c85f00000-7f9c85f01000 ---p 00000000 00:00 0 
7f9c85f01000-7f9c86002000 rw-p 00000000 00:00 0 
7f9c86002000-7f9c86006000 ---p 00000000 00:00 0 
7f9c86006000-7f9c86102000 rw-p 00000000 00:00 0 
7f9c86102000-7f9c86106000 ---p 00000000 00:00 0 
7f9c86106000-7f9c86202000 rw-p 00000000 00:00 0 
7f9c86202000-7f9c86206000 ---p 00000000 00:00 0 
7f9c86206000-7f9c86302000 rw-p 00000000 00:00 0 
7f9c86302000-7f9c86303000 ---p 00000000 00:00 0 
7f9c86303000-7f9c86404000 rw-p 00000000 00:00 0 
7f9c86404000-7f9c86405000 ---p 00000000 00:00 0 
7f9c86405000-7f9c86506000 rw-p 00000000 00:00 0 
7f9c86506000-7f9c86507000 ---p 00000000 00:00 0 
7f9c86507000-7f9c86608000 rw-p 00000000 00:00 0 
7f9c86608000-7f9c86609000 ---p 00000000 00:00 0 
7f9c86609000-7f9c8670a000 rw-p 00000000 00:00 0 
7f9c8670a000-7f9c8670b000 ---p 00000000 00:00 0 
7f9c8670b000-7f9c8680c000 rw-p 00000000 00:00 0 
7f9c8680c000-7f9c8680d000 ---p 00000000 00:00 0 
7f9c8680d000-7f9c8690e000 rw-p 00000000 00:00 0 
7f9c8690e000-7f9c86912000 ---p 00000000 00:00 0 
7f9c86912000-7f9c86a0e000 rw-p 00000000 00:00 0 
7f9c86a0e000-7f9c86a12000 ---p 00000000 00:00 0 
7f9c86a12000-7f9c86b0e000 rw-p 00000000 00:00 0 
7f9c86b0e000-7f9c86b12000 ---p 00000000 00:00 0 
7f9c86b12000-7f9c86c0e000 rw-p 00000000 00:00 0 
7f9c86c0e000-7f9c86c12000 ---p 00000000 00:00 0 
7f9c86c12000-7f9c86d0e000 rw-p 00000000 00:00 0 
7f9c86d0e000-7f9c86d12000 ---p 00000000 00:00 0 
7f9c86d12000-7f9c86e0e000 rw-p 00000000 00:00 0 
7f9c86e0e000-7f9c86e12000 ---p 00000000 00:00 0 
7f9c86e12000-7f9c86f0e000 rw-p 00000000 00:00 0 
7f9c86f0e000-7f9c86f12000 ---p 00000000 00:00 0 
7f9c86f12000-7f9c8700e000 rw-p 00000000 00:00 0 
7f9c8700e000-7f9c87012000 ---p 00000000 00:00 0 
7f9c87012000-7f9c8710e000 rw-p 00000000 00:00 0 
7f9c8710e000-7f9c87112000 ---p 00000000 00:00 0 
7f9c87112000-7f9c8720e000 rw-p 00000000 00:00 0 
7f9c8720e000-7f9c87212000 ---p 00000000 00:00 0 
7f9c87212000-7f9c8730e000 rw-p 00000000 00:00 0 
7f9c8730e000-7f9c875f7000 r--p 00000000 08:20 773                        /usr/lib/locale/locale-archive
7f9c875f7000-7f9c875fb000 ---p 00000000 00:00 0 
7f9c875fb000-7f9c876f7000 rw-p 00000000 00:00 0 
7f9c876f7000-7f9c876fb000 ---p 00000000 00:00 0 
7f9c876fb000-7f9c877f7000 rw-p 00000000 00:00 0 
7f9c877f7000-7f9c877f8000 ---p 00000000 00:00 0 
7f9c877f8000-7f9c88400000 rw-p 00000000 00:00 0 
7f9c88400000-7f9c88460000 rw-p 00000000 00:00 0 
7f9c88460000-7f9c88480000 rw-p 00000000 00:00 0 
7f9c88480000-7f9c88500000 rw-p 00000000 00:00 0 
7f9c88500000-7f9c88800000 rw-p 00000000 00:00 0 
7f9c88800000-7f9c88900000 rw-p 00000000 00:00 0 
7f9c88900000-7f9c88b80000 rw-p 00000000 00:00 0 
7f9c88b80000-7f9c88c00000 rw-p 00000000 00:00 0 
7f9c88c00000-7f9c88d00000 rw-p 00000000 00:00 0 
7f9c88d00000-7f9c88e00000 rw-p 00000000 00:00 0 
7f9c88e00000-7f9c88f00000 rw-p 00000000 00:00 0 
7f9c88f00000-7f9c89000000 rw-p 00000000 00:00 0 
7f9c89000000-7f9c891c0000 rw-p 00000000 00:00 0 
7f9c891c0000-7f9c89200000 rw-p 00000000 00:00 0 
7f9c89200000-7f9c893e0000 rw-p 00000000 00:00 0 
7f9c893e0000-7f9c89500000 rw-p 00000000 00:00 0 
7f9c89500000-7f9c897c0000 rw-p 00000000 00:00 0 
7f9c897c0000-7f9c89800000 rw-p 00000000 00:00 0 
7f9c89800000-7f9c89a90000 rw-p 00000000 00:00 0 
7f9c89a90000-7f9c8c000000 ---p 00000000 00:00 0 
7f9c8c000000-7f9c8c021000 rw-p 00000000 00:00 0 
7f9c8c021000-7f9c90000000 ---p 00000000 00:00 0 
7f9c9007a000-7f9c90081000 r--s 00000000 08:20 69908                      /usr/lib/x86_64-linux-gnu/gconv/gconv-modules.cache
7f9c90081000-7f9c90085000 ---p 00000000 00:00 0 
7f9c90085000-7f9c900a3000 rw-p 00000000 00:00 0 
7f9c900a3000-7f9c900a7000 r--p 00000000 08:20 401400                     /home/bibhu04/.vscode-server/extensions/redhat.java-1.23.0/jre/17.0.8.1-linux-x86_64/lib/libverify.so
7f9c900a7000-7f9c900ae000 r-xp 00004000 08:20 401400                     /home/bibhu04/.vscode-server/extensions/redhat.java-1.23.0/jre/17.0.8.1-linux-x86_64/lib/libverify.so
7f9c900ae000-7f9c900b0000 r--p 0000b000 08:20 401400                     /home/bibhu04/.vscode-server/extensions/redhat.java-1.23.0/jre/17.0.8.1-linux-x86_64/lib/libverify.so
7f9c900b0000-7f9c900b2000 r--p 0000c000 08:20 401400                     /home/bibhu04/.vscode-server/extensions/redhat.java-1.23.0/jre/17.0.8.1-linux-x86_64/lib/libverify.so
7f9c900b2000-7f9c900b3000 rw-p 0000e000 08:20 401400                     /home/bibhu04/.vscode-server/extensions/redhat.java-1.23.0/jre/17.0.8.1-linux-x86_64/lib/libverify.so
7f9c900b3000-7f9c900b7000 r--p 00000000 08:20 401393                     /home/bibhu04/.vscode-server/extensions/redhat.java-1.23.0/jre/17.0.8.1-linux-x86_64/lib/libnet.so
7f9c900b7000-7f9c900c5000 r-xp 00004000 08:20 401393                     /home/bibhu04/.vscode-server/extensions/redhat.java-1.23.0/jre/17.0.8.1-linux-x86_64/lib/libnet.so
7f9c900c5000-7f9c900c9000 r--p 00012000 08:20 401393                     /home/bibhu04/.vscode-server/extensions/redhat.java-1.23.0/jre/17.0.8.1-linux-x86_64/lib/libnet.so
7f9c900c9000-7f9c900ca000 r--p 00015000 08:20 401393                     /home/bibhu04/.vscode-server/extensions/redhat.java-1.23.0/jre/17.0.8.1-linux-x86_64/lib/libnet.so
7f9c900ca000-7f9c900cb000 rw-p 00016000 08:20 401393                     /home/bibhu04/.vscode-server/extensions/redhat.java-1.23.0/jre/17.0.8.1-linux-x86_64/lib/libnet.so
7f9c900cb000-7f9c900d2000 r--p 00000000 08:20 401394                     /home/bibhu04/.vscode-server/extensions/redhat.java-1.23.0/jre/17.0.8.1-linux-x86_64/lib/libnio.so
7f9c900d2000-7f9c900db000 r-xp 00007000 08:20 401394                     /home/bibhu04/.vscode-server/extensions/redhat.java-1.23.0/jre/17.0.8.1-linux-x86_64/lib/libnio.so
7f9c900db000-7f9c900df000 r--p 00010000 08:20 401394                     /home/bibhu04/.vscode-server/extensions/redhat.java-1.23.0/jre/17.0.8.1-linux-x86_64/lib/libnio.so
7f9c900df000-7f9c900e0000 ---p 00014000 08:20 401394                     /home/bibhu04/.vscode-server/extensions/redhat.java-1.23.0/jre/17.0.8.1-linux-x86_64/lib/libnio.so
7f9c900e0000-7f9c900e1000 r--p 00014000 08:20 401394                     /home/bibhu04/.vscode-server/extensions/redhat.java-1.23.0/jre/17.0.8.1-linux-x86_64/lib/libnio.so
7f9c900e1000-7f9c900e2000 rw-p 00015000 08:20 401394                     /home/bibhu04/.vscode-server/extensions/redhat.java-1.23.0/jre/17.0.8.1-linux-x86_64/lib/libnio.so
7f9c900e2000-7f9c923e5000 rw-p 00000000 00:00 0 
7f9c923e5000-7f9c92b05000 rwxp 00000000 00:00 0 
7f9c92b05000-7f9c9991c000 ---p 00000000 00:00 0 
7f9c9991c000-7f9c99b8c000 rwxp 00000000 00:00 0 
7f9c99b8c000-7f9c99eae000 ---p 00000000 00:00 0 
7f9c99eae000-7f9c9a11e000 rwxp 00000000 00:00 0 
7f9c9a11e000-7f9ca13e5000 ---p 00000000 00:00 0 
7f9ca13e5000-7f9ca4000000 r--s 00000000 08:20 401402                     /home/bibhu04/.vscode-server/extensions/redhat.java-1.23.0/jre/17.0.8.1-linux-x86_64/lib/modules
7f9ca4000000-7f9ca460b000 rw-p 00000000 00:00 0 
7f9ca460b000-7f9ca8000000 ---p 00000000 00:00 0 
7f9ca8000000-7f9ca9111000 rw-p 00000000 00:00 0 
7f9ca9111000-7f9ca9113000 r--p 00000000 08:20 401401                     /home/bibhu04/.vscode-server/extensions/redhat.java-1.23.0/jre/17.0.8.1-linux-x86_64/lib/libzip.so
7f9ca9113000-7f9ca9117000 r-xp 00002000 08:20 401401                     /home/bibhu04/.vscode-server/extensions/redhat.java-1.23.0/jre/17.0.8.1-linux-x86_64/lib/libzip.so
7f9ca9117000-7f9ca9119000 r--p 00006000 08:20 401401                     /home/bibhu04/.vscode-server/extensions/redhat.java-1.23.0/jre/17.0.8.1-linux-x86_64/lib/libzip.so
7f9ca9119000-7f9ca911a000 r--p 00007000 08:20 401401                     /home/bibhu04/.vscode-server/extensions/redhat.java-1.23.0/jre/17.0.8.1-linux-x86_64/lib/libzip.so
7f9ca911a000-7f9ca911b000 rw-p 00008000 08:20 401401                     /home/bibhu04/.vscode-server/extensions/redhat.java-1.23.0/jre/17.0.8.1-linux-x86_64/lib/libzip.so
7f9ca911b000-7f9ca946e000 rw-p 00000000 00:00 0 
7f9ca946e000-7f9ca95a2000 ---p 00000000 00:00 0 
7f9ca95a2000-7f9ca95a3000 ---p 00000000 00:00 0 
7f9ca95a3000-7f9ca96c6000 rw-p 00000000 00:00 0 
7f9ca96c6000-7f9ca97f9000 ---p 00000000 00:00 0 
7f9ca97f9000-7f9ca980b000 rw-p 00000000 00:00 0 
7f9ca980b000-7f9ca98a4000 ---p 00000000 00:00 0 
7f9ca98a4000-7f9ca98aa000 rw-p 00000000 00:00 0 
7f9ca98aa000-7f9ca9990000 ---p 00000000 00:00 0 
7f9ca9990000-7f9ca999f000 rw-p 00000000 00:00 0 
7f9ca999f000-7f9ca9a7b000 ---p 00000000 00:00 0 
7f9ca9a7b000-7f9ca9a80000 rw-p 00000000 00:00 0 
7f9ca9a80000-7f9ca9a87000 ---p 00000000 00:00 0 
7f9ca9a87000-7f9ca9a94000 r--p 00000000 08:20 401380                     /home/bibhu04/.vscode-server/extensions/redhat.java-1.23.0/jre/17.0.8.1-linux-x86_64/lib/libjava.so
7f9ca9a94000-7f9ca9aa6000 r-xp 0000d000 08:20 401380                     /home/bibhu04/.vscode-server/extensions/redhat.java-1.23.0/jre/17.0.8.1-linux-x86_64/lib/libjava.so
7f9ca9aa6000-7f9ca9aac000 r--p 0001f000 08:20 401380                     /home/bibhu04/.vscode-server/extensions/redhat.java-1.23.0/jre/17.0.8.1-linux-x86_64/lib/libjava.so
7f9ca9aac000-7f9ca9aad000 ---p 00025000 08:20 401380                     /home/bibhu04/.vscode-server/extensions/redhat.java-1.23.0/jre/17.0.8.1-linux-x86_64/lib/libjava.so
7f9ca9aad000-7f9ca9aae000 r--p 00025000 08:20 401380                     /home/bibhu04/.vscode-server/extensions/redhat.java-1.23.0/jre/17.0.8.1-linux-x86_64/lib/libjava.so
7f9ca9aae000-7f9ca9aaf000 rw-p 00026000 08:20 401380                     /home/bibhu04/.vscode-server/extensions/redhat.java-1.23.0/jre/17.0.8.1-linux-x86_64/lib/libjava.so
7f9ca9aaf000-7f9ca9ab0000 rw-p 00000000 00:00 0 
7f9ca9ab0000-7f9ca9ab2000 r--p 00000000 08:20 401375                     /home/bibhu04/.vscode-server/extensions/redhat.java-1.23.0/jre/17.0.8.1-linux-x86_64/lib/libinstrument.so
7f9ca9ab2000-7f9ca9ab8000 r-xp 00002000 08:20 401375                     /home/bibhu04/.vscode-server/extensions/redhat.java-1.23.0/jre/17.0.8.1-linux-x86_64/lib/libinstrument.so
7f9ca9ab8000-7f9ca9abb000 r--p 00008000 08:20 401375                     /home/bibhu04/.vscode-server/extensions/redhat.java-1.23.0/jre/17.0.8.1-linux-x86_64/lib/libinstrument.so
7f9ca9abb000-7f9ca9abc000 r--p 0000a000 08:20 401375                     /home/bibhu04/.vscode-server/extensions/redhat.java-1.23.0/jre/17.0.8.1-linux-x86_64/lib/libinstrument.so
7f9ca9abc000-7f9ca9abd000 rw-p 0000b000 08:20 401375                     /home/bibhu04/.vscode-server/extensions/redhat.java-1.23.0/jre/17.0.8.1-linux-x86_64/lib/libinstrument.so
7f9ca9abd000-7f9ca9ac1000 r--p 00000000 08:20 401384                     /home/bibhu04/.vscode-server/extensions/redhat.java-1.23.0/jre/17.0.8.1-linux-x86_64/lib/libjimage.so
7f9ca9ac1000-7f9ca9ad4000 r-xp 00004000 08:20 401384                     /home/bibhu04/.vscode-server/extensions/redhat.java-1.23.0/jre/17.0.8.1-linux-x86_64/lib/libjimage.so
7f9ca9ad4000-7f9ca9ada000 r--p 00017000 08:20 401384                     /home/bibhu04/.vscode-server/extensions/redhat.java-1.23.0/jre/17.0.8.1-linux-x86_64/lib/libjimage.so
7f9ca9ada000-7f9ca9adc000 r--p 0001c000 08:20 401384                     /home/bibhu04/.vscode-server/extensions/redhat.java-1.23.0/jre/17.0.8.1-linux-x86_64/lib/libjimage.so
7f9ca9adc000-7f9ca9add000 rw-p 0001e000 08:20 401384                     /home/bibhu04/.vscode-server/extensions/redhat.java-1.23.0/jre/17.0.8.1-linux-x86_64/lib/libjimage.so
7f9ca9add000-7f9ca9ae1000 ---p 00000000 00:00 0 
7f9ca9ae1000-7f9ca9bdd000 rw-p 00000000 00:00 0 
7f9ca9bdd000-7f9ca9bed000 r--p 00000000 08:20 7721                       /usr/lib/x86_64-linux-gnu/libm.so.6
7f9ca9bed000-7f9ca9c60000 r-xp 00010000 08:20 7721                       /usr/lib/x86_64-linux-gnu/libm.so.6
7f9ca9c60000-7f9ca9cba000 r--p 00083000 08:20 7721                       /usr/lib/x86_64-linux-gnu/libm.so.6
7f9ca9cba000-7f9ca9cbb000 r--p 000dc000 08:20 7721                       /usr/lib/x86_64-linux-gnu/libm.so.6
7f9ca9cbb000-7f9ca9cbc000 rw-p 000dd000 08:20 7721                       /usr/lib/x86_64-linux-gnu/libm.so.6
7f9ca9cbc000-7f9ca9cbd000 r--p 00000000 08:20 65449                      /usr/lib/x86_64-linux-gnu/librt.so.1
7f9ca9cbd000-7f9ca9cbe000 r-xp 00001000 08:20 65449                      /usr/lib/x86_64-linux-gnu/librt.so.1
7f9ca9cbe000-7f9ca9cbf000 r--p 00002000 08:20 65449                      /usr/lib/x86_64-linux-gnu/librt.so.1
7f9ca9cbf000-7f9ca9cc0000 r--p 00002000 08:20 65449                      /usr/lib/x86_64-linux-gnu/librt.so.1
7f9ca9cc0000-7f9ca9cc1000 rw-p 00003000 08:20 65449                      /usr/lib/x86_64-linux-gnu/librt.so.1
7f9ca9cc1000-7f9ca9f14000 r--p 00000000 08:20 401849                     /home/bibhu04/.vscode-server/extensions/redhat.java-1.23.0/jre/17.0.8.1-linux-x86_64/lib/server/libjvm.so
7f9ca9f14000-7f9caac36000 r-xp 00253000 08:20 401849                     /home/bibhu04/.vscode-server/extensions/redhat.java-1.23.0/jre/17.0.8.1-linux-x86_64/lib/server/libjvm.so
7f9caac36000-7f9caaec3000 r--p 00f75000 08:20 401849                     /home/bibhu04/.vscode-server/extensions/redhat.java-1.23.0/jre/17.0.8.1-linux-x86_64/lib/server/libjvm.so
7f9caaec3000-7f9caaf7c000 r--p 01201000 08:20 401849                     /home/bibhu04/.vscode-server/extensions/redhat.java-1.23.0/jre/17.0.8.1-linux-x86_64/lib/server/libjvm.so
7f9caaf7c000-7f9caafb1000 rw-p 012ba000 08:20 401849                     /home/bibhu04/.vscode-server/extensions/redhat.java-1.23.0/jre/17.0.8.1-linux-x86_64/lib/server/libjvm.so
7f9caafb1000-7f9cab00e000 rw-p 00000000 00:00 0 
7f9cab00e000-7f9cab034000 r--p 00000000 08:20 7576                       /usr/lib/x86_64-linux-gnu/libc.so.6
7f9cab034000-7f9cab189000 r-xp 00026000 08:20 7576                       /usr/lib/x86_64-linux-gnu/libc.so.6
7f9cab189000-7f9cab1dc000 r--p 0017b000 08:20 7576                       /usr/lib/x86_64-linux-gnu/libc.so.6
7f9cab1dc000-7f9cab1e0000 r--p 001ce000 08:20 7576                       /usr/lib/x86_64-linux-gnu/libc.so.6
7f9cab1e0000-7f9cab1e2000 rw-p 001d2000 08:20 7576                       /usr/lib/x86_64-linux-gnu/libc.so.6
7f9cab1e2000-7f9cab1f1000 rw-p 00000000 00:00 0 
7f9cab1f1000-7f9cab1f2000 r--p 00000000 08:20 7578                       /usr/lib/x86_64-linux-gnu/libdl.so.2
7f9cab1f2000-7f9cab1f3000 r-xp 00001000 08:20 7578                       /usr/lib/x86_64-linux-gnu/libdl.so.2
7f9cab1f3000-7f9cab1f4000 r--p 00002000 08:20 7578                       /usr/lib/x86_64-linux-gnu/libdl.so.2
7f9cab1f4000-7f9cab1f5000 r--p 00002000 08:20 7578                       /usr/lib/x86_64-linux-gnu/libdl.so.2
7f9cab1f5000-7f9cab1f6000 rw-p 00003000 08:20 7578                       /usr/lib/x86_64-linux-gnu/libdl.so.2
7f9cab1f6000-7f9cab1f7000 r--p 00000000 08:20 10286                      /usr/lib/x86_64-linux-gnu/libpthread.so.0
7f9cab1f7000-7f9cab1f8000 r-xp 00001000 08:20 10286                      /usr/lib/x86_64-linux-gnu/libpthread.so.0
7f9cab1f8000-7f9cab1f9000 r--p 00002000 08:20 10286                      /usr/lib/x86_64-linux-gnu/libpthread.so.0
7f9cab1f9000-7f9cab1fa000 r--p 00002000 08:20 10286                      /usr/lib/x86_64-linux-gnu/libpthread.so.0
7f9cab1fa000-7f9cab1fb000 rw-p 00003000 08:20 10286                      /usr/lib/x86_64-linux-gnu/libpthread.so.0
7f9cab1fb000-7f9cab1fe000 r--p 00000000 08:20 401385                     /home/bibhu04/.vscode-server/extensions/redhat.java-1.23.0/jre/17.0.8.1-linux-x86_64/lib/libjli.so
7f9cab1fe000-7f9cab208000 r-xp 00003000 08:20 401385                     /home/bibhu04/.vscode-server/extensions/redhat.java-1.23.0/jre/17.0.8.1-linux-x86_64/lib/libjli.so
7f9cab208000-7f9cab20b000 r--p 0000d000 08:20 401385                     /home/bibhu04/.vscode-server/extensions/redhat.java-1.23.0/jre/17.0.8.1-linux-x86_64/lib/libjli.so
7f9cab20b000-7f9cab20c000 ---p 00010000 08:20 401385                     /home/bibhu04/.vscode-server/extensions/redhat.java-1.23.0/jre/17.0.8.1-linux-x86_64/lib/libjli.so
7f9cab20c000-7f9cab20d000 r--p 00010000 08:20 401385                     /home/bibhu04/.vscode-server/extensions/redhat.java-1.23.0/jre/17.0.8.1-linux-x86_64/lib/libjli.so
7f9cab20d000-7f9cab20e000 rw-p 00011000 08:20 401385                     /home/bibhu04/.vscode-server/extensions/redhat.java-1.23.0/jre/17.0.8.1-linux-x86_64/lib/libjli.so
7f9cab20e000-7f9cab211000 r--p 00000000 08:20 8139                       /usr/lib/x86_64-linux-gnu/libz.so.1.2.13
7f9cab211000-7f9cab224000 r-xp 00003000 08:20 8139                       /usr/lib/x86_64-linux-gnu/libz.so.1.2.13
7f9cab224000-7f9cab22b000 r--p 00016000 08:20 8139                       /usr/lib/x86_64-linux-gnu/libz.so.1.2.13
7f9cab22b000-7f9cab22c000 r--p 0001c000 08:20 8139                       /usr/lib/x86_64-linux-gnu/libz.so.1.2.13
7f9cab22c000-7f9cab22d000 rw-p 0001d000 08:20 8139                       /usr/lib/x86_64-linux-gnu/libz.so.1.2.13
7f9cab22f000-7f9cab237000 rw-s 00000000 08:20 88999                      /tmp/hsperfdata_bibhu04/966
7f9cab237000-7f9cab238000 ---p 00000000 00:00 0 
7f9cab238000-7f9cab239000 r--p 00000000 00:00 0 
7f9cab239000-7f9cab23a000 ---p 00000000 00:00 0 
7f9cab23a000-7f9cab23c000 rw-p 00000000 00:00 0 
7f9cab23c000-7f9cab23d000 r--p 00000000 08:20 7573                       /usr/lib/x86_64-linux-gnu/ld-linux-x86-64.so.2
7f9cab23d000-7f9cab262000 r-xp 00001000 08:20 7573                       /usr/lib/x86_64-linux-gnu/ld-linux-x86-64.so.2
7f9cab262000-7f9cab26c000 r--p 00026000 08:20 7573                       /usr/lib/x86_64-linux-gnu/ld-linux-x86-64.so.2
7f9cab26c000-7f9cab26e000 r--p 00030000 08:20 7573                       /usr/lib/x86_64-linux-gnu/ld-linux-x86-64.so.2
7f9cab26e000-7f9cab270000 rw-p 00032000 08:20 7573                       /usr/lib/x86_64-linux-gnu/ld-linux-x86-64.so.2
7fffc9237000-7fffc9259000 rw-p 00000000 00:00 0                          [stack]
7fffc92c2000-7fffc92c6000 r--p 00000000 00:00 0                          [vvar]
7fffc92c6000-7fffc92c8000 r-xp 00000000 00:00 0                          [vdso]


VM Arguments:
jvm_args: --add-modules=ALL-SYSTEM --add-opens=java.base/java.util=ALL-UNNAMED --add-opens=java.base/java.lang=ALL-UNNAMED --add-opens=java.base/sun.nio.fs=ALL-UNNAMED -Declipse.application=org.eclipse.jdt.ls.core.id1 -Dosgi.bundles.defaultStartLevel=4 -Declipse.product=org.eclipse.jdt.ls.core.product -Djava.import.generatesMetadataFilesAtProjectRoot=false -DDetectVMInstallationsJob.disabled=true -Dfile.encoding=utf8 -XX:+UseParallelGC -XX:GCTimeRatio=4 -XX:AdaptiveSizePolicyWeight=90 -Dsun.zip.disableMemoryMapping=true -Xmx1G -Xms100m -Xlog:disable -javaagent:/home/bibhu04/.vscode-server/extensions/redhat.java-1.23.0/lombok/lombok-1.18.30.jar -XX:+HeapDumpOnOutOfMemoryError -XX:HeapDumpPath=/home/bibhu04/.vscode-server/data/User/workspaceStorage/e80759c272936e0986383b1bf2cbdf90/redhat.java -Daether.dependencyCollector.impl=bf 
java_command: /home/bibhu04/.vscode-server/extensions/redhat.java-1.23.0/server/plugins/org.eclipse.equinox.launcher_1.6.500.v20230717-2134.jar -configuration /home/bibhu04/.vscode-server/data/User/globalStorage/redhat.java/1.23.0/config_linux -data /home/bibhu04/.vscode-server/data/User/workspaceStorage/e80759c272936e0986383b1bf2cbdf90/redhat.java/jdt_ws
java_class_path (initial): /home/bibhu04/.vscode-server/extensions/redhat.java-1.23.0/server/plugins/org.eclipse.equinox.launcher_1.6.500.v20230717-2134.jar
Launcher Type: SUN_STANDARD

[Global flags]
    uintx AdaptiveSizePolicyWeight                 = 90                                        {product} {command line}
     intx CICompilerCount                          = 4                                         {product} {ergonomic}
    uintx GCTimeRatio                              = 4                                         {product} {command line}
     bool HeapDumpOnOutOfMemoryError               = true                                   {manageable} {command line}
    ccstr HeapDumpPath                             = /home/bibhu04/.vscode-server/data/User/workspaceStorage/e80759c272936e0986383b1bf2cbdf90/redhat.java         {manageable} {command line}
   size_t InitialHeapSize                          = 104857600                                 {product} {command line}
   size_t MaxHeapSize                              = 1073741824                                {product} {command line}
   size_t MaxNewSize                               = 357564416                                 {product} {ergonomic}
   size_t MinHeapDeltaBytes                        = 524288                                    {product} {ergonomic}
   size_t MinHeapSize                              = 104857600                                 {product} {command line}
   size_t NewSize                                  = 34603008                                  {product} {ergonomic}
    uintx NonNMethodCodeHeapSize                   = 5839372                                {pd product} {ergonomic}
    uintx NonProfiledCodeHeapSize                  = 122909434                              {pd product} {ergonomic}
   size_t OldSize                                  = 70254592                                  {product} {ergonomic}
    uintx ProfiledCodeHeapSize                     = 122909434                              {pd product} {ergonomic}
    uintx ReservedCodeCacheSize                    = 251658240                              {pd product} {ergonomic}
     bool SegmentedCodeCache                       = true                                      {product} {ergonomic}
   size_t SoftMaxHeapSize                          = 1073741824                             {manageable} {ergonomic}
     bool UseCompressedClassPointers               = true                           {product lp64_product} {ergonomic}
     bool UseCompressedOops                        = true                           {product lp64_product} {ergonomic}
     bool UseParallelGC                            = true                                      {product} {command line}

Logging:
Log output configuration:
 #0: stdout all=off uptime,level,tags
 #1: stderr all=off uptime,level,tags

Environment Variables:
PATH=/home/bibhu04/.vscode-server/bin/f1b07bd25dfad64b0167beb15359ae573aecd2cc/bin/remote-cli:/usr/local/sbin:/usr/local/bin:/usr/sbin:/usr/bin:/sbin:/bin:/usr/games:/usr/local/games:/usr/lib/wsl/lib:/mnt/c/Program Files (x86)/Common Files/Oracle/Java/javapath:/mnt/c/Windows/system32:/mnt/c/Windows:/mnt/c/Windows/System32/Wbem:/mnt/c/Windows/System32/WindowsPowerShell/v1.0/:/mnt/c/Windows/System32/OpenSSH/:/mnt/c/Users/bibhusunder.b/AppData/Local/Microsoft/WindowsApps:/mnt/c/Users/bibhusunder.b/AppData/Local/Programs/Microsoft VS Code/bin
SHELL=/bin/bash
DISPLAY=:0
HOSTTYPE=x86_64
LANG=en_US.UTF-8
TERM=xterm-256color

Active Locale:
LC_ALL=en_US.UTF-8
LC_COLLATE=en_US.UTF-8
LC_CTYPE=en_US.UTF-8
LC_MESSAGES=en_US.UTF-8
LC_MONETARY=en_US.UTF-8
LC_NUMERIC=en_US.UTF-8
LC_TIME=en_US.UTF-8

Signal Handlers:
   SIGSEGV: crash_handler in libjvm.so, mask=11100100010111111101111111111110, flags=SA_RESTART|SA_SIGINFO, unblocked
    SIGBUS: crash_handler in libjvm.so, mask=11100100010111111101111111111110, flags=SA_RESTART|SA_SIGINFO, unblocked
    SIGFPE: crash_handler in libjvm.so, mask=11100100010111111101111111111110, flags=SA_RESTART|SA_SIGINFO, unblocked
   SIGPIPE: javaSignalHandler in libjvm.so, mask=11100100010111111101111111111110, flags=SA_RESTART|SA_SIGINFO, blocked
   SIGXFSZ: javaSignalHandler in libjvm.so, mask=11100100010111111101111111111110, flags=SA_RESTART|SA_SIGINFO, blocked
    SIGILL: crash_handler in libjvm.so, mask=11100100010111111101111111111110, flags=SA_RESTART|SA_SIGINFO, unblocked
   SIGUSR2: SR_handler in libjvm.so, mask=00000000000000000000000000000000, flags=SA_RESTART|SA_SIGINFO, blocked
    SIGHUP: UserHandler in libjvm.so, mask=11100100010111111101111111111110, flags=SA_RESTART|SA_SIGINFO, blocked
    SIGINT: UserHandler in libjvm.so, mask=11100100010111111101111111111110, flags=SA_RESTART|SA_SIGINFO, blocked
   SIGTERM: UserHandler in libjvm.so, mask=11100100010111111101111111111110, flags=SA_RESTART|SA_SIGINFO, blocked
   SIGQUIT: UserHandler in libjvm.so, mask=11100100010111111101111111111110, flags=SA_RESTART|SA_SIGINFO, blocked
   SIGTRAP: crash_handler in libjvm.so, mask=11100100010111111101111111111110, flags=SA_RESTART|SA_SIGINFO, unblocked


---------------  S Y S T E M  ---------------

OS:
PRETTY_NAME="Debian GNU/Linux 12 (bookworm)"
NAME="Debian GNU/Linux"
VERSION_ID="12"
VERSION="12 (bookworm)"
VERSION_CODENAME=bookworm
ID=debian
HOME_URL="https://www.debian.org/"
SUPPORT_URL="https://www.debian.org/support"
BUG_REPORT_URL="https://bugs.debian.org/"
uname: Linux 5.15.90.1-microsoft-standard-WSL2 #1 SMP Fri Jan 27 02:56:13 UTC 2023 x86_64
OS uptime: 0 days 0:00 hours
libc: glibc 2.36 NPTL 2.36 
rlimit (soft/hard): STACK 8192k/infinity , CORE 0k/infinity , NPROC 31126/31126 , NOFILE 1048576/1048576 , AS infinity/infinity , CPU infinity/infinity , DATA infinity/infinity , FSIZE infinity/infinity , MEMLOCK 65536k/65536k
load average: 1.14 0.26 0.09

/proc/meminfo:
MemTotal:        7974848 kB
MemFree:         5657068 kB
MemAvailable:    6196156 kB
Buffers:          103800 kB
Cached:           631952 kB
SwapCached:            0 kB
Active:           252472 kB
Inactive:        1709364 kB
Active(anon):       2168 kB
Inactive(anon):  1226508 kB
Active(file):     250304 kB
Inactive(file):   482856 kB
Unevictable:           0 kB
Mlocked:               0 kB
SwapTotal:       2097152 kB
SwapFree:        2097152 kB
Dirty:              4488 kB
Writeback:             0 kB
AnonPages:       1220088 kB
Mapped:           264460 kB
Shmem:              2784 kB
KReclaimable:      43204 kB
Slab:             100216 kB
SReclaimable:      43204 kB
SUnreclaim:        57012 kB
KernelStack:        7328 kB
PageTables:        16412 kB
NFS_Unstable:          0 kB
Bounce:                0 kB
WritebackTmp:          0 kB
CommitLimit:     6084576 kB
Committed_AS:    2837908 kB
VmallocTotal:   34359738367 kB
VmallocUsed:       28372 kB
VmallocChunk:          0 kB
Percpu:             3232 kB
AnonHugePages:    370688 kB
ShmemHugePages:        0 kB
ShmemPmdMapped:        0 kB
FileHugePages:         0 kB
FilePmdMapped:         0 kB
HugePages_Total:       0
HugePages_Free:        0
HugePages_Rsvd:        0
HugePages_Surp:        0
Hugepagesize:       2048 kB
Hugetlb:               0 kB
DirectMap4k:       48128 kB
DirectMap2M:     6078464 kB
DirectMap1G:    10485760 kB

/sys/kernel/mm/transparent_hugepage/enabled: [always] madvise never
/sys/kernel/mm/transparent_hugepage/defrag (defrag/compaction efforts parameter): always defer defer+madvise [madvise] never

Process Memory:
Virtual Size: 4751788K (peak: 4751788K)
Resident Set Size: 158944K (peak: 158944K) (anon: 132148K, file: 26796K, shmem: 0K)
Swapped out: 0K
C-Heap outstanding allocations: 66914K, retained: 11733K
glibc malloc tunables: (default)

/proc/sys/kernel/threads-max (system-wide limit on the number of threads): 62252
/proc/sys/vm/max_map_count (maximum number of memory map areas a process may have): 65530
/proc/sys/kernel/pid_max (system-wide limit on number of process identifiers): 4194304

container (cgroup) information:
container_type: cgroupv1
cpu_cpuset_cpus: 0-7
cpu_memory_nodes: 0
active_processor_count: 8
cpu_quota: no quota
cpu_period: 100000
cpu_shares: no shares
memory_limit_in_bytes: unlimited
memory_and_swap_limit_in_bytes: unlimited
memory_soft_limit_in_bytes: unlimited
memory_usage_in_bytes: 1956836 k
memory_max_usage_in_bytes: 1044340 k
kernel_memory_usage_in_bytes: 21812 k
kernel_memory_max_usage_in_bytes: unlimited
kernel_memory_limit_in_bytes: 30408 k
maximum number of tasks: not supported
current number of tasks: not supported

Hyper-V virtualization detected
Steal ticks since vm start: 0
Steal ticks percentage since vm start:  0.000

CPU: total 8 (initial active 8) (4 cores per cpu, 2 threads per core) family 6 model 140 stepping 1 microcode 0xffffffff, cx8, cmov, fxsr, ht, mmx, 3dnowpref, sse, sse2, sse3, ssse3, sse4.1, sse4.2, popcnt, lzcnt, tsc, tscinvbit, avx, avx2, aes, erms, clmul, bmi1, bmi2, adx, avx512f, avx512dq, avx512cd, avx512bw, avx512vl, sha, fma, vzeroupper, avx512_vpopcntdq, avx512_vpclmulqdq, avx512_vaes, avx512_vnni, clflush, clflushopt, clwb, avx512_vbmi2, avx512_vbmi, hv
CPU Model and flags from /proc/cpuinfo:
model name	: 11th Gen Intel(R) Core(TM) i7-1165G7 @ 2.80GHz
flags		: fpu vme de pse tsc msr pae mce cx8 apic sep mtrr pge mca cmov pat pse36 clflush mmx fxsr sse sse2 ss ht syscall nx pdpe1gb rdtscp lm constant_tsc arch_perfmon rep_good nopl xtopology tsc_reliable nonstop_tsc cpuid pni pclmulqdq ssse3 fma cx16 pdcm pcid sse4_1 sse4_2 movbe popcnt aes xsave avx f16c rdrand hypervisor lahf_lm abm 3dnowprefetch invpcid_single ssbd ibrs ibpb stibp ibrs_enhanced fsgsbase bmi1 avx2 smep bmi2 erms invpcid avx512f avx512dq rdseed adx smap avx512ifma clflushopt clwb avx512cd sha_ni avx512bw avx512vl xsaveopt xsavec xgetbv1 xsaves avx512vbmi umip avx512_vbmi2 gfni vaes vpclmulqdq avx512_vnni avx512_bitalg avx512_vpopcntdq rdpid fsrm avx512_vp2intersect flush_l1d arch_capabilities

Online cpus: 0-7
Offline cpus: 
BIOS frequency limitation: <Not Available>
Frequency switch latency (ns): <Not Available>
Available cpu frequencies: <Not Available>
Current governor: <Not Available>
Core performance/turbo boost: <Not Available>

Memory: 4k page, physical 7974848k(5657068k free), swap 2097152k(2097152k free)
Page Sizes: 4k

vm_info: OpenJDK 64-Bit Server VM (17.0.8.1+1) for linux-amd64 JRE (17.0.8.1+1), built on Aug 24 2023 00:00:00 by "admin" with gcc 10.3.0

END.
